{"D:\\delux-mami-fe\\metro.config.js": {"path":"D:\\delux-mami-fe\\metro.config.js","statementMap":{"0":{"start":{"line":1,"column":29},"end":{"line":1,"column":57}},"1":{"start":{"line":2,"column":27},"end":{"line":2,"column":54}},"2":{"start":{"line":4,"column":15},"end":{"line":4,"column":42}},"3":{"start":{"line":6,"column":0},"end":{"line":6,"column":67}}},"fnMap":{},"branchMap":{},"s":{"0":0,"1":0,"2":0,"3":0},"f":{},"b":{}}
,"D:\\delux-mami-fe\\nativewind-env.d.ts": {"path":"D:\\delux-mami-fe\\nativewind-env.d.ts","statementMap":{},"fnMap":{},"branchMap":{},"s":{},"f":{},"b":{}}
,"D:\\delux-mami-fe\\tailwind.config.js": {"path":"D:\\delux-mami-fe\\tailwind.config.js","statementMap":{"0":{"start":{"line":2,"column":0},"end":{"line":9,"column":2}}},"fnMap":{},"branchMap":{},"s":{"0":0},"f":{},"b":{}}
,"D:\\delux-mami-fe\\types.ts": {"path":"D:\\delux-mami-fe\\types.ts","statementMap":{},"fnMap":{},"branchMap":{},"s":{},"f":{},"b":{}}
,"D:\\delux-mami-fe\\__mock__\\expo-font.js": {"path":"D:\\delux-mami-fe\\__mock__\\expo-font.js","statementMap":{"0":{"start":{"line":2,"column":29},"end":{"line":2,"column":46}},"1":{"start":{"line":3,"column":28},"end":{"line":3,"column":32}}},"fnMap":{"0":{"name":"(anonymous_0)","decl":{"start":{"line":2,"column":23},"end":{"line":2,"column":24}},"loc":{"start":{"line":2,"column":29},"end":{"line":2,"column":46}},"line":2},"1":{"name":"(anonymous_1)","decl":{"start":{"line":3,"column":22},"end":{"line":3,"column":23}},"loc":{"start":{"line":3,"column":28},"end":{"line":3,"column":32}},"line":3}},"branchMap":{},"s":{"0":0,"1":0},"f":{"0":0,"1":0},"b":{}}
,"D:\\delux-mami-fe\\app\\_layout.tsx": {"path":"D:\\delux-mami-fe\\app\\_layout.tsx","statementMap":{"0":{"start":{"line":4,"column":2},"end":{"line":9,"column":4}}},"fnMap":{"0":{"name":"RootLayout","decl":{"start":{"line":3,"column":24},"end":{"line":3,"column":34}},"loc":{"start":{"line":3,"column":37},"end":{"line":10,"column":1}},"line":3}},"branchMap":{},"s":{"0":0},"f":{"0":0},"b":{}}
,"D:\\delux-mami-fe\\app\\index.tsx": {"path":"D:\\delux-mami-fe\\app\\index.tsx","statementMap":{"0":{"start":{"line":5,"column":24},"end":{"line":7,"column":1}},"1":{"start":{"line":6,"column":2},"end":{"line":6,"column":47}}},"fnMap":{"0":{"name":"(anonymous_0)","decl":{"start":{"line":5,"column":24},"end":{"line":5,"column":25}},"loc":{"start":{"line":5,"column":30},"end":{"line":7,"column":1}},"line":5}},"branchMap":{},"s":{"0":0,"1":0},"f":{"0":0},"b":{}}
,"D:\\delux-mami-fe\\app\\(auth)\\_layout.tsx": {"path":"D:\\delux-mami-fe\\app\\(auth)\\_layout.tsx","statementMap":{"0":{"start":{"line":5,"column":2},"end":{"line":15,"column":4}}},"fnMap":{"0":{"name":"AuthLayout","decl":{"start":{"line":4,"column":24},"end":{"line":4,"column":34}},"loc":{"start":{"line":4,"column":37},"end":{"line":16,"column":1}},"line":4}},"branchMap":{},"s":{"0":0},"f":{"0":0},"b":{}}
,"D:\\delux-mami-fe\\app\\(auth)\\account.tsx": {"path":"D:\\delux-mami-fe\\app\\(auth)\\account.tsx","statementMap":{"0":{"start":{"line":6,"column":16},"end":{"line":11,"column":3}},"1":{"start":{"line":13,"column":32},"end":{"line":53,"column":1}},"2":{"start":{"line":15,"column":19},"end":{"line":15,"column":30}},"3":{"start":{"line":17,"column":2},"end":{"line":52,"column":4}},"4":{"start":{"line":22,"column":23},"end":{"line":22,"column":47}},"5":{"start":{"line":37,"column":10},"end":{"line":43,"column":17}}},"fnMap":{"0":{"name":"(anonymous_0)","decl":{"start":{"line":13,"column":32},"end":{"line":13,"column":33}},"loc":{"start":{"line":13,"column":38},"end":{"line":53,"column":1}},"line":13},"1":{"name":"(anonymous_1)","decl":{"start":{"line":22,"column":17},"end":{"line":22,"column":18}},"loc":{"start":{"line":22,"column":23},"end":{"line":22,"column":47}},"line":22},"2":{"name":"(anonymous_2)","decl":{"start":{"line":36,"column":21},"end":{"line":36,"column":22}},"loc":{"start":{"line":37,"column":10},"end":{"line":43,"column":17}},"line":37}},"branchMap":{},"s":{"0":0,"1":0,"2":0,"3":0,"4":0,"5":0},"f":{"0":0,"1":0,"2":0},"b":{}}
,"D:\\delux-mami-fe\\app\\(auth)\\export-data.tsx": {"path":"D:\\delux-mami-fe\\app\\(auth)\\export-data.tsx","statementMap":{"0":{"start":{"line":7,"column":19},"end":{"line":28,"column":1}},"1":{"start":{"line":9,"column":19},"end":{"line":9,"column":30}},"2":{"start":{"line":11,"column":4},"end":{"line":27,"column":5}},"3":{"start":{"line":15,"column":31},"end":{"line":15,"column":55}}},"fnMap":{"0":{"name":"(anonymous_0)","decl":{"start":{"line":7,"column":19},"end":{"line":7,"column":20}},"loc":{"start":{"line":7,"column":25},"end":{"line":28,"column":1}},"line":7},"1":{"name":"(anonymous_1)","decl":{"start":{"line":15,"column":25},"end":{"line":15,"column":26}},"loc":{"start":{"line":15,"column":31},"end":{"line":15,"column":55}},"line":15}},"branchMap":{},"s":{"0":0,"1":0,"2":0,"3":0},"f":{"0":0,"1":0},"b":{}}
,"D:\\delux-mami-fe\\app\\(auth)\\intro.tsx": {"path":"D:\\delux-mami-fe\\app\\(auth)\\intro.tsx","statementMap":{"0":{"start":{"line":5,"column":20},"end":{"line":34,"column":1}},"1":{"start":{"line":6,"column":17},"end":{"line":6,"column":28}},"2":{"start":{"line":8,"column":2},"end":{"line":33,"column":4}},"3":{"start":{"line":27,"column":25},"end":{"line":27,"column":48}}},"fnMap":{"0":{"name":"(anonymous_0)","decl":{"start":{"line":5,"column":20},"end":{"line":5,"column":21}},"loc":{"start":{"line":5,"column":26},"end":{"line":34,"column":1}},"line":5},"1":{"name":"(anonymous_1)","decl":{"start":{"line":27,"column":19},"end":{"line":27,"column":20}},"loc":{"start":{"line":27,"column":25},"end":{"line":27,"column":48}},"line":27}},"branchMap":{},"s":{"0":1,"1":2,"2":2,"3":1},"f":{"0":2,"1":1},"b":{},"_coverageSchema":"1a1c01bbd47fc00a2c39e90264f33305004495a9","hash":"880df632f41e14b5db679ac62e314dd941972316"}
,"D:\\delux-mami-fe\\app\\(auth)\\settings.tsx": {"path":"D:\\delux-mami-fe\\app\\(auth)\\settings.tsx","statementMap":{"0":{"start":{"line":6,"column":23},"end":{"line":37,"column":1}},"1":{"start":{"line":7,"column":17},"end":{"line":7,"column":28}},"2":{"start":{"line":9,"column":2},"end":{"line":36,"column":4}},"3":{"start":{"line":15,"column":25},"end":{"line":15,"column":48}}},"fnMap":{"0":{"name":"(anonymous_0)","decl":{"start":{"line":6,"column":23},"end":{"line":6,"column":24}},"loc":{"start":{"line":6,"column":29},"end":{"line":37,"column":1}},"line":6},"1":{"name":"(anonymous_1)","decl":{"start":{"line":15,"column":19},"end":{"line":15,"column":20}},"loc":{"start":{"line":15,"column":25},"end":{"line":15,"column":48}},"line":15}},"branchMap":{},"s":{"0":1,"1":7,"2":7,"3":0},"f":{"0":7,"1":0},"b":{},"_coverageSchema":"1a1c01bbd47fc00a2c39e90264f33305004495a9","hash":"87d79eebb1ab3672b40c5368fbc95eff621d1a77"}
,"D:\\delux-mami-fe\\app\\(auth)\\sign-in.tsx": {"path":"D:\\delux-mami-fe\\app\\(auth)\\sign-in.tsx","statementMap":{"0":{"start":{"line":6,"column":21},"end":{"line":71,"column":1}},"1":{"start":{"line":7,"column":17},"end":{"line":7,"column":28}},"2":{"start":{"line":8,"column":28},"end":{"line":8,"column":40}},"3":{"start":{"line":9,"column":34},"end":{"line":9,"column":46}},"4":{"start":{"line":10,"column":32},"end":{"line":10,"column":47}},"5":{"start":{"line":12,"column":17},"end":{"line":28,"column":31}},"6":{"start":{"line":13,"column":4},"end":{"line":16,"column":5}},"7":{"start":{"line":14,"column":6},"end":{"line":14,"column":68}},"8":{"start":{"line":15,"column":6},"end":{"line":15,"column":13}},"9":{"start":{"line":18,"column":4},"end":{"line":18,"column":21}},"10":{"start":{"line":19,"column":4},"end":{"line":27,"column":5}},"11":{"start":{"line":20,"column":6},"end":{"line":20,"column":63}},"12":{"start":{"line":21,"column":6},"end":{"line":21,"column":57}},"13":{"start":{"line":22,"column":6},"end":{"line":22,"column":34}},"14":{"start":{"line":24,"column":6},"end":{"line":24,"column":65}},"15":{"start":{"line":26,"column":6},"end":{"line":26,"column":24}},"16":{"start":{"line":30,"column":2},"end":{"line":70,"column":4}},"17":{"start":{"line":64,"column":66},"end":{"line":64,"column":89}}},"fnMap":{"0":{"name":"(anonymous_0)","decl":{"start":{"line":6,"column":21},"end":{"line":6,"column":22}},"loc":{"start":{"line":6,"column":27},"end":{"line":71,"column":1}},"line":6},"1":{"name":"(anonymous_1)","decl":{"start":{"line":12,"column":29},"end":{"line":12,"column":30}},"loc":{"start":{"line":12,"column":41},"end":{"line":28,"column":3}},"line":12},"2":{"name":"(anonymous_2)","decl":{"start":{"line":64,"column":60},"end":{"line":64,"column":61}},"loc":{"start":{"line":64,"column":66},"end":{"line":64,"column":89}},"line":64}},"branchMap":{"0":{"loc":{"start":{"line":13,"column":4},"end":{"line":16,"column":5}},"type":"if","locations":[{"start":{"line":13,"column":4},"end":{"line":16,"column":5}},{"start":{},"end":{}}],"line":13},"1":{"loc":{"start":{"line":13,"column":8},"end":{"line":13,"column":41}},"type":"binary-expr","locations":[{"start":{"line":13,"column":8},"end":{"line":13,"column":21}},{"start":{"line":13,"column":25},"end":{"line":13,"column":41}}],"line":13},"2":{"loc":{"start":{"line":24,"column":25},"end":{"line":24,"column":63}},"type":"binary-expr","locations":[{"start":{"line":24,"column":25},"end":{"line":24,"column":38}},{"start":{"line":24,"column":42},"end":{"line":24,"column":63}}],"line":24},"3":{"loc":{"start":{"line":56,"column":65},"end":{"line":56,"column":92}},"type":"cond-expr","locations":[{"start":{"line":56,"column":75},"end":{"line":56,"column":87}},{"start":{"line":56,"column":90},"end":{"line":56,"column":92}}],"line":56},"4":{"loc":{"start":{"line":60,"column":11},"end":{"line":60,"column":140}},"type":"cond-expr","locations":[{"start":{"line":60,"column":21},"end":{"line":60,"column":82}},{"start":{"line":60,"column":85},"end":{"line":60,"column":140}}],"line":60}},"s":{"0":1,"1":16,"2":16,"3":15,"4":15,"5":15,"6":4,"7":1,"8":1,"9":3,"10":3,"11":3,"12":2,"13":2,"14":0,"15":2,"16":15,"17":0},"f":{"0":16,"1":4,"2":0},"b":{"0":[1,3],"1":[4,3],"2":[0,0],"3":[2,13],"4":[2,13]},"_coverageSchema":"1a1c01bbd47fc00a2c39e90264f33305004495a9","hash":"c46ae598b7022771ff8b72ffa584c6c1431ba76d"}
,"D:\\delux-mami-fe\\app\\(auth)\\sign-up.tsx": {"path":"D:\\delux-mami-fe\\app\\(auth)\\sign-up.tsx","statementMap":{"0":{"start":{"line":6,"column":21},"end":{"line":96,"column":1}},"1":{"start":{"line":7,"column":17},"end":{"line":7,"column":28}},"2":{"start":{"line":8,"column":28},"end":{"line":8,"column":40}},"3":{"start":{"line":9,"column":34},"end":{"line":9,"column":46}},"4":{"start":{"line":10,"column":48},"end":{"line":10,"column":60}},"5":{"start":{"line":11,"column":32},"end":{"line":11,"column":47}},"6":{"start":{"line":13,"column":24},"end":{"line":13,"column":69}},"7":{"start":{"line":13,"column":43},"end":{"line":13,"column":69}},"8":{"start":{"line":15,"column":17},"end":{"line":46,"column":48}},"9":{"start":{"line":16,"column":4},"end":{"line":19,"column":5}},"10":{"start":{"line":17,"column":6},"end":{"line":17,"column":60}},"11":{"start":{"line":18,"column":6},"end":{"line":18,"column":13}},"12":{"start":{"line":21,"column":4},"end":{"line":24,"column":5}},"13":{"start":{"line":22,"column":6},"end":{"line":22,"column":58}},"14":{"start":{"line":23,"column":6},"end":{"line":23,"column":13}},"15":{"start":{"line":26,"column":4},"end":{"line":29,"column":5}},"16":{"start":{"line":27,"column":6},"end":{"line":27,"column":62}},"17":{"start":{"line":28,"column":6},"end":{"line":28,"column":13}},"18":{"start":{"line":31,"column":4},"end":{"line":34,"column":5}},"19":{"start":{"line":32,"column":6},"end":{"line":32,"column":58}},"20":{"start":{"line":33,"column":6},"end":{"line":33,"column":13}},"21":{"start":{"line":36,"column":4},"end":{"line":36,"column":21}},"22":{"start":{"line":37,"column":4},"end":{"line":45,"column":5}},"23":{"start":{"line":38,"column":6},"end":{"line":38,"column":67}},"24":{"start":{"line":39,"column":6},"end":{"line":39,"column":82}},"25":{"start":{"line":40,"column":6},"end":{"line":40,"column":30}},"26":{"start":{"line":42,"column":6},"end":{"line":42,"column":81}},"27":{"start":{"line":44,"column":6},"end":{"line":44,"column":24}},"28":{"start":{"line":48,"column":2},"end":{"line":95,"column":4}},"29":{"start":{"line":89,"column":68},"end":{"line":89,"column":91}}},"fnMap":{"0":{"name":"(anonymous_0)","decl":{"start":{"line":6,"column":21},"end":{"line":6,"column":22}},"loc":{"start":{"line":6,"column":27},"end":{"line":96,"column":1}},"line":6},"1":{"name":"(anonymous_1)","decl":{"start":{"line":13,"column":24},"end":{"line":13,"column":25}},"loc":{"start":{"line":13,"column":43},"end":{"line":13,"column":69}},"line":13},"2":{"name":"(anonymous_2)","decl":{"start":{"line":15,"column":29},"end":{"line":15,"column":30}},"loc":{"start":{"line":15,"column":41},"end":{"line":46,"column":3}},"line":15},"3":{"name":"(anonymous_3)","decl":{"start":{"line":89,"column":62},"end":{"line":89,"column":63}},"loc":{"start":{"line":89,"column":68},"end":{"line":89,"column":91}},"line":89}},"branchMap":{"0":{"loc":{"start":{"line":16,"column":4},"end":{"line":19,"column":5}},"type":"if","locations":[{"start":{"line":16,"column":4},"end":{"line":19,"column":5}},{"start":{},"end":{}}],"line":16},"1":{"loc":{"start":{"line":16,"column":8},"end":{"line":16,"column":47}},"type":"binary-expr","locations":[{"start":{"line":16,"column":8},"end":{"line":16,"column":14}},{"start":{"line":16,"column":18},"end":{"line":16,"column":27}},{"start":{"line":16,"column":31},"end":{"line":16,"column":47}}],"line":16},"2":{"loc":{"start":{"line":21,"column":4},"end":{"line":24,"column":5}},"type":"if","locations":[{"start":{"line":21,"column":4},"end":{"line":24,"column":5}},{"start":{},"end":{}}],"line":21},"3":{"loc":{"start":{"line":26,"column":4},"end":{"line":29,"column":5}},"type":"if","locations":[{"start":{"line":26,"column":4},"end":{"line":29,"column":5}},{"start":{},"end":{}}],"line":26},"4":{"loc":{"start":{"line":31,"column":4},"end":{"line":34,"column":5}},"type":"if","locations":[{"start":{"line":31,"column":4},"end":{"line":34,"column":5}},{"start":{},"end":{}}],"line":31},"5":{"loc":{"start":{"line":42,"column":25},"end":{"line":42,"column":79}},"type":"binary-expr","locations":[{"start":{"line":42,"column":25},"end":{"line":42,"column":38}},{"start":{"line":42,"column":42},"end":{"line":42,"column":79}}],"line":42},"6":{"loc":{"start":{"line":81,"column":65},"end":{"line":81,"column":92}},"type":"cond-expr","locations":[{"start":{"line":81,"column":75},"end":{"line":81,"column":87}},{"start":{"line":81,"column":90},"end":{"line":81,"column":92}}],"line":81},"7":{"loc":{"start":{"line":85,"column":11},"end":{"line":85,"column":116}},"type":"cond-expr","locations":[{"start":{"line":85,"column":21},"end":{"line":85,"column":55}},{"start":{"line":85,"column":58},"end":{"line":85,"column":116}}],"line":85}},"s":{"0":1,"1":16,"2":16,"3":16,"4":16,"5":16,"6":16,"7":3,"8":16,"9":4,"10":1,"11":1,"12":3,"13":1,"14":1,"15":2,"16":0,"17":0,"18":2,"19":1,"20":1,"21":1,"22":1,"23":1,"24":1,"25":1,"26":0,"27":1,"28":16,"29":1},"f":{"0":16,"1":3,"2":4,"3":1},"b":{"0":[1,3],"1":[4,3,3],"2":[1,2],"3":[0,2],"4":[1,1],"5":[0,0],"6":[0,16],"7":[0,16]},"_coverageSchema":"1a1c01bbd47fc00a2c39e90264f33305004495a9","hash":"75756b4521d0ff8e409594aa70389f71f84fff3d"}
,"D:\\delux-mami-fe\\app\\(auth)\\home\\_layout.tsx": {"path":"D:\\delux-mami-fe\\app\\(auth)\\home\\_layout.tsx","statementMap":{"0":{"start":{"line":5,"column":2},"end":{"line":20,"column":4}}},"fnMap":{"0":{"name":"HomeLayout","decl":{"start":{"line":4,"column":24},"end":{"line":4,"column":34}},"loc":{"start":{"line":4,"column":37},"end":{"line":21,"column":1}},"line":4}},"branchMap":{},"s":{"0":0},"f":{"0":0},"b":{}}
,"D:\\delux-mami-fe\\app\\(auth)\\home\\expenses.tsx": {"path":"D:\\delux-mami-fe\\app\\(auth)\\home\\expenses.tsx","statementMap":{"0":{"start":{"line":17,"column":23},"end":{"line":136,"column":1}},"1":{"start":{"line":18,"column":30},"end":{"line":18,"column":45}},"2":{"start":{"line":19,"column":17},"end":{"line":19,"column":28}},"3":{"start":{"line":20,"column":42},"end":{"line":20,"column":57}},"4":{"start":{"line":22,"column":28},"end":{"line":22,"column":42}},"5":{"start":{"line":24,"column":23},"end":{"line":30,"column":3}},"6":{"start":{"line":26,"column":25},"end":{"line":26,"column":52}},"7":{"start":{"line":29,"column":4},"end":{"line":29,"column":54}},"8":{"start":{"line":32,"column":22},"end":{"line":37,"column":3}},"9":{"start":{"line":34,"column":4},"end":{"line":36,"column":5}},"10":{"start":{"line":35,"column":6},"end":{"line":35,"column":20}},"11":{"start":{"line":39,"column":21},"end":{"line":44,"column":3}},"12":{"start":{"line":41,"column":4},"end":{"line":43,"column":5}},"13":{"start":{"line":42,"column":6},"end":{"line":42,"column":21}},"14":{"start":{"line":46,"column":2},"end":{"line":135,"column":4}},"15":{"start":{"line":52,"column":27},"end":{"line":52,"column":54}},"16":{"start":{"line":59,"column":43},"end":{"line":59,"column":64}},"17":{"start":{"line":107,"column":88},"end":{"line":107,"column":110}},"18":{"start":{"line":114,"column":24},"end":{"line":114,"column":47}},"19":{"start":{"line":115,"column":24},"end":{"line":115,"column":71}},"20":{"start":{"line":124,"column":24},"end":{"line":124,"column":47}},"21":{"start":{"line":125,"column":24},"end":{"line":125,"column":67}}},"fnMap":{"0":{"name":"(anonymous_0)","decl":{"start":{"line":17,"column":23},"end":{"line":17,"column":24}},"loc":{"start":{"line":17,"column":29},"end":{"line":136,"column":1}},"line":17},"1":{"name":"(anonymous_1)","decl":{"start":{"line":24,"column":23},"end":{"line":24,"column":24}},"loc":{"start":{"line":24,"column":41},"end":{"line":30,"column":3}},"line":24},"2":{"name":"(anonymous_2)","decl":{"start":{"line":32,"column":22},"end":{"line":32,"column":23}},"loc":{"start":{"line":32,"column":28},"end":{"line":37,"column":3}},"line":32},"3":{"name":"(anonymous_3)","decl":{"start":{"line":39,"column":21},"end":{"line":39,"column":22}},"loc":{"start":{"line":39,"column":27},"end":{"line":44,"column":3}},"line":39},"4":{"name":"(anonymous_4)","decl":{"start":{"line":52,"column":21},"end":{"line":52,"column":22}},"loc":{"start":{"line":52,"column":27},"end":{"line":52,"column":54}},"line":52},"5":{"name":"(anonymous_5)","decl":{"start":{"line":59,"column":37},"end":{"line":59,"column":38}},"loc":{"start":{"line":59,"column":43},"end":{"line":59,"column":64}},"line":59},"6":{"name":"(anonymous_6)","decl":{"start":{"line":107,"column":82},"end":{"line":107,"column":83}},"loc":{"start":{"line":107,"column":88},"end":{"line":107,"column":110}},"line":107},"7":{"name":"(anonymous_7)","decl":{"start":{"line":113,"column":31},"end":{"line":113,"column":32}},"loc":{"start":{"line":113,"column":37},"end":{"line":116,"column":23}},"line":113},"8":{"name":"(anonymous_8)","decl":{"start":{"line":123,"column":31},"end":{"line":123,"column":32}},"loc":{"start":{"line":123,"column":37},"end":{"line":126,"column":23}},"line":123}},"branchMap":{"0":{"loc":{"start":{"line":29,"column":13},"end":{"line":29,"column":52}},"type":"cond-expr","locations":[{"start":{"line":29,"column":28},"end":{"line":29,"column":46}},{"start":{"line":29,"column":49},"end":{"line":29,"column":52}}],"line":29},"1":{"loc":{"start":{"line":34,"column":4},"end":{"line":36,"column":5}},"type":"if","locations":[{"start":{"line":34,"column":4},"end":{"line":36,"column":5}},{"start":{},"end":{}}],"line":34},"2":{"loc":{"start":{"line":41,"column":4},"end":{"line":43,"column":5}},"type":"if","locations":[{"start":{"line":41,"column":4},"end":{"line":43,"column":5}},{"start":{},"end":{}}],"line":41}},"s":{"0":0,"1":0,"2":0,"3":0,"4":0,"5":0,"6":0,"7":0,"8":0,"9":0,"10":0,"11":0,"12":0,"13":0,"14":0,"15":0,"16":0,"17":0,"18":0,"19":0,"20":0,"21":0},"f":{"0":0,"1":0,"2":0,"3":0,"4":0,"5":0,"6":0,"7":0,"8":0},"b":{"0":[0,0],"1":[0,0],"2":[0,0]}}
,"D:\\delux-mami-fe\\app\\(auth)\\home\\income.tsx": {"path":"D:\\delux-mami-fe\\app\\(auth)\\home\\income.tsx","statementMap":{"0":{"start":{"line":7,"column":21},"end":{"line":111,"column":1}},"1":{"start":{"line":8,"column":30},"end":{"line":8,"column":45}},"2":{"start":{"line":9,"column":17},"end":{"line":9,"column":28}},"3":{"start":{"line":10,"column":42},"end":{"line":10,"column":57}},"4":{"start":{"line":12,"column":28},"end":{"line":12,"column":42}},"5":{"start":{"line":14,"column":23},"end":{"line":20,"column":3}},"6":{"start":{"line":16,"column":25},"end":{"line":16,"column":52}},"7":{"start":{"line":19,"column":4},"end":{"line":19,"column":54}},"8":{"start":{"line":22,"column":22},"end":{"line":27,"column":3}},"9":{"start":{"line":24,"column":4},"end":{"line":26,"column":5}},"10":{"start":{"line":25,"column":6},"end":{"line":25,"column":20}},"11":{"start":{"line":29,"column":21},"end":{"line":34,"column":3}},"12":{"start":{"line":31,"column":4},"end":{"line":33,"column":5}},"13":{"start":{"line":32,"column":6},"end":{"line":32,"column":21}},"14":{"start":{"line":36,"column":2},"end":{"line":110,"column":4}},"15":{"start":{"line":41,"column":25},"end":{"line":41,"column":52}},"16":{"start":{"line":47,"column":25},"end":{"line":47,"column":46}},"17":{"start":{"line":81,"column":80},"end":{"line":81,"column":102}},"18":{"start":{"line":88,"column":16},"end":{"line":88,"column":39}},"19":{"start":{"line":89,"column":16},"end":{"line":89,"column":62}},"20":{"start":{"line":98,"column":16},"end":{"line":98,"column":39}},"21":{"start":{"line":99,"column":16},"end":{"line":99,"column":58}}},"fnMap":{"0":{"name":"(anonymous_0)","decl":{"start":{"line":7,"column":21},"end":{"line":7,"column":22}},"loc":{"start":{"line":7,"column":27},"end":{"line":111,"column":1}},"line":7},"1":{"name":"(anonymous_1)","decl":{"start":{"line":14,"column":23},"end":{"line":14,"column":24}},"loc":{"start":{"line":14,"column":41},"end":{"line":20,"column":3}},"line":14},"2":{"name":"(anonymous_2)","decl":{"start":{"line":22,"column":22},"end":{"line":22,"column":23}},"loc":{"start":{"line":22,"column":28},"end":{"line":27,"column":3}},"line":22},"3":{"name":"(anonymous_3)","decl":{"start":{"line":29,"column":21},"end":{"line":29,"column":22}},"loc":{"start":{"line":29,"column":27},"end":{"line":34,"column":3}},"line":29},"4":{"name":"(anonymous_4)","decl":{"start":{"line":41,"column":19},"end":{"line":41,"column":20}},"loc":{"start":{"line":41,"column":25},"end":{"line":41,"column":52}},"line":41},"5":{"name":"(anonymous_5)","decl":{"start":{"line":47,"column":19},"end":{"line":47,"column":20}},"loc":{"start":{"line":47,"column":25},"end":{"line":47,"column":46}},"line":47},"6":{"name":"(anonymous_6)","decl":{"start":{"line":81,"column":74},"end":{"line":81,"column":75}},"loc":{"start":{"line":81,"column":80},"end":{"line":81,"column":102}},"line":81},"7":{"name":"(anonymous_7)","decl":{"start":{"line":87,"column":23},"end":{"line":87,"column":24}},"loc":{"start":{"line":87,"column":29},"end":{"line":90,"column":15}},"line":87},"8":{"name":"(anonymous_8)","decl":{"start":{"line":97,"column":23},"end":{"line":97,"column":24}},"loc":{"start":{"line":97,"column":29},"end":{"line":100,"column":15}},"line":97}},"branchMap":{"0":{"loc":{"start":{"line":19,"column":13},"end":{"line":19,"column":52}},"type":"cond-expr","locations":[{"start":{"line":19,"column":28},"end":{"line":19,"column":46}},{"start":{"line":19,"column":49},"end":{"line":19,"column":52}}],"line":19},"1":{"loc":{"start":{"line":24,"column":4},"end":{"line":26,"column":5}},"type":"if","locations":[{"start":{"line":24,"column":4},"end":{"line":26,"column":5}},{"start":{},"end":{}}],"line":24},"2":{"loc":{"start":{"line":31,"column":4},"end":{"line":33,"column":5}},"type":"if","locations":[{"start":{"line":31,"column":4},"end":{"line":33,"column":5}},{"start":{},"end":{}}],"line":31}},"s":{"0":0,"1":0,"2":0,"3":0,"4":0,"5":0,"6":0,"7":0,"8":0,"9":0,"10":0,"11":0,"12":0,"13":0,"14":0,"15":0,"16":0,"17":0,"18":0,"19":0,"20":0,"21":0},"f":{"0":0,"1":0,"2":0,"3":0,"4":0,"5":0,"6":0,"7":0,"8":0},"b":{"0":[0,0],"1":[0,0],"2":[0,0]}}
,"D:\\delux-mami-fe\\app\\(auth)\\home\\list-transaction.tsx": {"path":"D:\\delux-mami-fe\\app\\(auth)\\home\\list-transaction.tsx","statementMap":{"0":{"start":{"line":8,"column":24},"end":{"line":128,"column":1}},"1":{"start":{"line":9,"column":19},"end":{"line":9,"column":30}},"2":{"start":{"line":11,"column":47},"end":{"line":15,"column":5}},"3":{"start":{"line":17,"column":25},"end":{"line":79,"column":5}},"4":{"start":{"line":81,"column":2},"end":{"line":127,"column":3}},"5":{"start":{"line":87,"column":132},"end":{"line":87,"column":152}},"6":{"start":{"line":99,"column":20},"end":{"line":121,"column":27}}},"fnMap":{"0":{"name":"(anonymous_0)","decl":{"start":{"line":8,"column":24},"end":{"line":8,"column":25}},"loc":{"start":{"line":8,"column":30},"end":{"line":128,"column":1}},"line":8},"1":{"name":"(anonymous_1)","decl":{"start":{"line":87,"column":126},"end":{"line":87,"column":127}},"loc":{"start":{"line":87,"column":132},"end":{"line":87,"column":152}},"line":87},"2":{"name":"(anonymous_2)","decl":{"start":{"line":98,"column":34},"end":{"line":98,"column":35}},"loc":{"start":{"line":99,"column":20},"end":{"line":121,"column":27}},"line":99}},"branchMap":{"0":{"loc":{"start":{"line":102,"column":25},"end":{"line":106,"column":25}},"type":"cond-expr","locations":[{"start":{"line":103,"column":28},"end":{"line":103,"column":123}},{"start":{"line":105,"column":28},"end":{"line":105,"column":125}}],"line":102},"1":{"loc":{"start":{"line":103,"column":82},"end":{"line":103,"column":119}},"type":"binary-expr","locations":[{"start":{"line":103,"column":82},"end":{"line":103,"column":108}},{"start":{"line":103,"column":112},"end":{"line":103,"column":119}}],"line":103},"2":{"loc":{"start":{"line":105,"column":84},"end":{"line":105,"column":121}},"type":"binary-expr","locations":[{"start":{"line":105,"column":84},"end":{"line":105,"column":110}},{"start":{"line":105,"column":114},"end":{"line":105,"column":121}}],"line":105},"3":{"loc":{"start":{"line":111,"column":43},"end":{"line":111,"column":119}},"type":"cond-expr","locations":[{"start":{"line":111,"column":70},"end":{"line":111,"column":94}},{"start":{"line":111,"column":97},"end":{"line":111,"column":119}}],"line":111},"4":{"loc":{"start":{"line":118,"column":41},"end":{"line":118,"column":121}},"type":"cond-expr","locations":[{"start":{"line":118,"column":68},"end":{"line":118,"column":94}},{"start":{"line":118,"column":97},"end":{"line":118,"column":121}}],"line":118}},"s":{"0":0,"1":0,"2":0,"3":0,"4":0,"5":0,"6":0},"f":{"0":0,"1":0,"2":0},"b":{"0":[0,0],"1":[0,0],"2":[0,0],"3":[0,0],"4":[0,0]}}
,"D:\\delux-mami-fe\\app\\(auth)\\home\\notification.tsx": {"path":"D:\\delux-mami-fe\\app\\(auth)\\home\\notification.tsx","statementMap":{"0":{"start":{"line":8,"column":27},"end":{"line":64,"column":1}},"1":{"start":{"line":9,"column":44},"end":{"line":15,"column":4}},"2":{"start":{"line":17,"column":24},"end":{"line":19,"column":3}},"3":{"start":{"line":18,"column":4},"end":{"line":18,"column":69}},"4":{"start":{"line":18,"column":45},"end":{"line":18,"column":65}},"5":{"start":{"line":21,"column":17},"end":{"line":21,"column":28}},"6":{"start":{"line":22,"column":2},"end":{"line":63,"column":4}},"7":{"start":{"line":27,"column":126},"end":{"line":27,"column":146}},"8":{"start":{"line":44,"column":36},"end":{"line":44,"column":54}},"9":{"start":{"line":46,"column":14},"end":{"line":57,"column":21}}},"fnMap":{"0":{"name":"(anonymous_0)","decl":{"start":{"line":8,"column":27},"end":{"line":8,"column":28}},"loc":{"start":{"line":8,"column":33},"end":{"line":64,"column":1}},"line":8},"1":{"name":"(anonymous_1)","decl":{"start":{"line":17,"column":24},"end":{"line":17,"column":25}},"loc":{"start":{"line":17,"column":30},"end":{"line":19,"column":3}},"line":17},"2":{"name":"(anonymous_2)","decl":{"start":{"line":18,"column":39},"end":{"line":18,"column":40}},"loc":{"start":{"line":18,"column":45},"end":{"line":18,"column":65}},"line":18},"3":{"name":"(anonymous_3)","decl":{"start":{"line":27,"column":120},"end":{"line":27,"column":121}},"loc":{"start":{"line":27,"column":126},"end":{"line":27,"column":146}},"line":27},"4":{"name":"(anonymous_4)","decl":{"start":{"line":44,"column":26},"end":{"line":44,"column":27}},"loc":{"start":{"line":44,"column":36},"end":{"line":44,"column":54}},"line":44},"5":{"name":"(anonymous_5)","decl":{"start":{"line":45,"column":24},"end":{"line":45,"column":25}},"loc":{"start":{"line":46,"column":14},"end":{"line":57,"column":21}},"line":46}},"branchMap":{"0":{"loc":{"start":{"line":46,"column":79},"end":{"line":46,"column":117}},"type":"cond-expr","locations":[{"start":{"line":46,"column":91},"end":{"line":46,"column":104}},{"start":{"line":46,"column":107},"end":{"line":46,"column":117}}],"line":46},"1":{"loc":{"start":{"line":49,"column":35},"end":{"line":49,"column":111}},"type":"cond-expr","locations":[{"start":{"line":49,"column":62},"end":{"line":49,"column":86}},{"start":{"line":49,"column":89},"end":{"line":49,"column":111}}],"line":49},"2":{"loc":{"start":{"line":54,"column":35},"end":{"line":54,"column":157}},"type":"cond-expr","locations":[{"start":{"line":54,"column":62},"end":{"line":54,"column":109}},{"start":{"line":54,"column":112},"end":{"line":54,"column":157}}],"line":54}},"s":{"0":0,"1":0,"2":0,"3":0,"4":0,"5":0,"6":0,"7":0,"8":0,"9":0},"f":{"0":0,"1":0,"2":0,"3":0,"4":0,"5":0},"b":{"0":[0,0],"1":[0,0],"2":[0,0]}}
,"D:\\delux-mami-fe\\app\\(auth)\\home\\scanAddExpense.tsx": {"path":"D:\\delux-mami-fe\\app\\(auth)\\home\\scanAddExpense.tsx","statementMap":{"0":{"start":{"line":7,"column":30},"end":{"line":7,"column":71}},"1":{"start":{"line":9,"column":23},"end":{"line":131,"column":1}},"2":{"start":{"line":10,"column":34},"end":{"line":10,"column":63}},"3":{"start":{"line":11,"column":38},"end":{"line":11,"column":67}},"4":{"start":{"line":12,"column":32},"end":{"line":12,"column":47}},"5":{"start":{"line":15,"column":20},"end":{"line":26,"column":3}},"6":{"start":{"line":16,"column":17},"end":{"line":20,"column":6}},"7":{"start":{"line":22,"column":4},"end":{"line":25,"column":5}},"8":{"start":{"line":23,"column":6},"end":{"line":23,"column":40}},"9":{"start":{"line":24,"column":6},"end":{"line":24,"column":42}},"10":{"start":{"line":29,"column":24},"end":{"line":61,"column":3}},"11":{"start":{"line":30,"column":4},"end":{"line":60,"column":5}},"12":{"start":{"line":31,"column":6},"end":{"line":31,"column":23}},"13":{"start":{"line":32,"column":6},"end":{"line":32,"column":26}},"14":{"start":{"line":35,"column":26},"end":{"line":35,"column":62}},"15":{"start":{"line":37,"column":23},"end":{"line":47,"column":7}},"16":{"start":{"line":49,"column":30},"end":{"line":49,"column":72}},"17":{"start":{"line":50,"column":6},"end":{"line":54,"column":7}},"18":{"start":{"line":51,"column":8},"end":{"line":51,"column":54}},"19":{"start":{"line":53,"column":8},"end":{"line":53,"column":53}},"20":{"start":{"line":56,"column":6},"end":{"line":56,"column":39}},"21":{"start":{"line":57,"column":6},"end":{"line":57,"column":50}},"22":{"start":{"line":59,"column":6},"end":{"line":59,"column":24}},"23":{"start":{"line":64,"column":31},"end":{"line":76,"column":3}},"24":{"start":{"line":65,"column":21},"end":{"line":65,"column":42}},"25":{"start":{"line":66,"column":17},"end":{"line":66,"column":38}},"26":{"start":{"line":67,"column":4},"end":{"line":75,"column":7}},"27":{"start":{"line":68,"column":21},"end":{"line":68,"column":37}},"28":{"start":{"line":69,"column":6},"end":{"line":72,"column":8}},"29":{"start":{"line":70,"column":27},"end":{"line":70,"column":66}},"30":{"start":{"line":71,"column":8},"end":{"line":71,"column":34}},"31":{"start":{"line":73,"column":6},"end":{"line":73,"column":30}},"32":{"start":{"line":74,"column":6},"end":{"line":74,"column":33}},"33":{"start":{"line":78,"column":12},"end":{"line":78,"column":46}},"34":{"start":{"line":79,"column":0},"end":{"line":79,"column":37}},"35":{"start":{"line":81,"column":24},"end":{"line":106,"column":1}},"36":{"start":{"line":82,"column":2},"end":{"line":85,"column":3}},"37":{"start":{"line":83,"column":4},"end":{"line":83,"column":51}},"38":{"start":{"line":84,"column":4},"end":{"line":84,"column":11}},"39":{"start":{"line":87,"column":17},"end":{"line":87,"column":52}},"40":{"start":{"line":88,"column":2},"end":{"line":88,"column":40}},"41":{"start":{"line":90,"column":2},"end":{"line":105,"column":3}},"42":{"start":{"line":91,"column":21},"end":{"line":99,"column":5}},"43":{"start":{"line":101,"column":4},"end":{"line":101,"column":44}},"44":{"start":{"line":103,"column":4},"end":{"line":103,"column":81}},"45":{"start":{"line":104,"column":4},"end":{"line":104,"column":67}},"46":{"start":{"line":107,"column":2},"end":{"line":130,"column":4}}},"fnMap":{"0":{"name":"(anonymous_0)","decl":{"start":{"line":9,"column":23},"end":{"line":9,"column":24}},"loc":{"start":{"line":9,"column":29},"end":{"line":131,"column":1}},"line":9},"1":{"name":"(anonymous_1)","decl":{"start":{"line":15,"column":20},"end":{"line":15,"column":21}},"loc":{"start":{"line":15,"column":32},"end":{"line":26,"column":3}},"line":15},"2":{"name":"(anonymous_2)","decl":{"start":{"line":29,"column":24},"end":{"line":29,"column":25}},"loc":{"start":{"line":29,"column":52},"end":{"line":61,"column":3}},"line":29},"3":{"name":"(anonymous_3)","decl":{"start":{"line":64,"column":31},"end":{"line":64,"column":32}},"loc":{"start":{"line":64,"column":76},"end":{"line":76,"column":3}},"line":64},"4":{"name":"(anonymous_4)","decl":{"start":{"line":67,"column":23},"end":{"line":67,"column":24}},"loc":{"start":{"line":67,"column":44},"end":{"line":75,"column":5}},"line":67},"5":{"name":"(anonymous_5)","decl":{"start":{"line":69,"column":25},"end":{"line":69,"column":26}},"loc":{"start":{"line":69,"column":31},"end":{"line":72,"column":7}},"line":69},"6":{"name":"(anonymous_6)","decl":{"start":{"line":81,"column":24},"end":{"line":81,"column":25}},"loc":{"start":{"line":81,"column":36},"end":{"line":106,"column":1}},"line":81}},"branchMap":{"0":{"loc":{"start":{"line":22,"column":4},"end":{"line":25,"column":5}},"type":"if","locations":[{"start":{"line":22,"column":4},"end":{"line":25,"column":5}},{"start":{},"end":{}}],"line":22},"1":{"loc":{"start":{"line":50,"column":6},"end":{"line":54,"column":7}},"type":"if","locations":[{"start":{"line":50,"column":6},"end":{"line":54,"column":7}},{"start":{"line":52,"column":13},"end":{"line":54,"column":7}}],"line":50},"2":{"loc":{"start":{"line":50,"column":10},"end":{"line":50,"column":55}},"type":"binary-expr","locations":[{"start":{"line":50,"column":10},"end":{"line":50,"column":25}},{"start":{"line":50,"column":29},"end":{"line":50,"column":55}}],"line":50},"3":{"loc":{"start":{"line":71,"column":16},"end":{"line":71,"column":32}},"type":"binary-expr","locations":[{"start":{"line":71,"column":16},"end":{"line":71,"column":26}},{"start":{"line":71,"column":30},"end":{"line":71,"column":32}}],"line":71},"4":{"loc":{"start":{"line":82,"column":2},"end":{"line":85,"column":3}},"type":"if","locations":[{"start":{"line":82,"column":2},"end":{"line":85,"column":3}},{"start":{},"end":{}}],"line":82},"5":{"loc":{"start":{"line":103,"column":42},"end":{"line":103,"column":79}},"type":"binary-expr","locations":[{"start":{"line":103,"column":42},"end":{"line":103,"column":62}},{"start":{"line":103,"column":66},"end":{"line":103,"column":79}}],"line":103},"6":{"loc":{"start":{"line":113,"column":7},"end":{"line":113,"column":106}},"type":"binary-expr","locations":[{"start":{"line":113,"column":7},"end":{"line":113,"column":15}},{"start":{"line":113,"column":19},"end":{"line":113,"column":106}}],"line":113},"7":{"loc":{"start":{"line":115,"column":7},"end":{"line":115,"column":94}},"type":"binary-expr","locations":[{"start":{"line":115,"column":7},"end":{"line":115,"column":14}},{"start":{"line":115,"column":18},"end":{"line":115,"column":94}}],"line":115},"8":{"loc":{"start":{"line":124,"column":7},"end":{"line":128,"column":7}},"type":"binary-expr","locations":[{"start":{"line":124,"column":7},"end":{"line":124,"column":17}},{"start":{"line":125,"column":8},"end":{"line":127,"column":27}}],"line":124}},"s":{"0":0,"1":0,"2":0,"3":0,"4":0,"5":0,"6":0,"7":0,"8":0,"9":0,"10":0,"11":0,"12":0,"13":0,"14":0,"15":0,"16":0,"17":0,"18":0,"19":0,"20":0,"21":0,"22":0,"23":0,"24":0,"25":0,"26":0,"27":0,"28":0,"29":0,"30":0,"31":0,"32":0,"33":0,"34":0,"35":0,"36":0,"37":0,"38":0,"39":0,"40":0,"41":0,"42":0,"43":0,"44":0,"45":0,"46":0},"f":{"0":0,"1":0,"2":0,"3":0,"4":0,"5":0,"6":0},"b":{"0":[0,0],"1":[0,0],"2":[0,0],"3":[0,0],"4":[0,0],"5":[0,0],"6":[0,0],"7":[0,0],"8":[0,0]}}
,"D:\\delux-mami-fe\\app\\(auth)\\home\\scanAddIncome.tsx": {"path":"D:\\delux-mami-fe\\app\\(auth)\\home\\scanAddIncome.tsx","statementMap":{"0":{"start":{"line":7,"column":30},"end":{"line":7,"column":71}},"1":{"start":{"line":9,"column":22},"end":{"line":131,"column":1}},"2":{"start":{"line":10,"column":34},"end":{"line":10,"column":63}},"3":{"start":{"line":11,"column":38},"end":{"line":11,"column":67}},"4":{"start":{"line":12,"column":32},"end":{"line":12,"column":47}},"5":{"start":{"line":15,"column":20},"end":{"line":26,"column":3}},"6":{"start":{"line":16,"column":17},"end":{"line":20,"column":6}},"7":{"start":{"line":22,"column":4},"end":{"line":25,"column":5}},"8":{"start":{"line":23,"column":6},"end":{"line":23,"column":40}},"9":{"start":{"line":24,"column":6},"end":{"line":24,"column":42}},"10":{"start":{"line":29,"column":24},"end":{"line":61,"column":3}},"11":{"start":{"line":30,"column":4},"end":{"line":60,"column":5}},"12":{"start":{"line":31,"column":6},"end":{"line":31,"column":23}},"13":{"start":{"line":32,"column":6},"end":{"line":32,"column":26}},"14":{"start":{"line":35,"column":26},"end":{"line":35,"column":62}},"15":{"start":{"line":37,"column":23},"end":{"line":47,"column":7}},"16":{"start":{"line":49,"column":30},"end":{"line":49,"column":72}},"17":{"start":{"line":50,"column":6},"end":{"line":54,"column":7}},"18":{"start":{"line":51,"column":8},"end":{"line":51,"column":54}},"19":{"start":{"line":53,"column":8},"end":{"line":53,"column":53}},"20":{"start":{"line":56,"column":6},"end":{"line":56,"column":39}},"21":{"start":{"line":57,"column":6},"end":{"line":57,"column":50}},"22":{"start":{"line":59,"column":6},"end":{"line":59,"column":24}},"23":{"start":{"line":64,"column":31},"end":{"line":76,"column":3}},"24":{"start":{"line":65,"column":21},"end":{"line":65,"column":42}},"25":{"start":{"line":66,"column":17},"end":{"line":66,"column":38}},"26":{"start":{"line":67,"column":4},"end":{"line":75,"column":7}},"27":{"start":{"line":68,"column":21},"end":{"line":68,"column":37}},"28":{"start":{"line":69,"column":6},"end":{"line":72,"column":8}},"29":{"start":{"line":70,"column":27},"end":{"line":70,"column":66}},"30":{"start":{"line":71,"column":8},"end":{"line":71,"column":34}},"31":{"start":{"line":73,"column":6},"end":{"line":73,"column":30}},"32":{"start":{"line":74,"column":6},"end":{"line":74,"column":33}},"33":{"start":{"line":78,"column":12},"end":{"line":78,"column":43}},"34":{"start":{"line":79,"column":0},"end":{"line":79,"column":37}},"35":{"start":{"line":81,"column":24},"end":{"line":106,"column":1}},"36":{"start":{"line":82,"column":2},"end":{"line":85,"column":3}},"37":{"start":{"line":83,"column":4},"end":{"line":83,"column":51}},"38":{"start":{"line":84,"column":4},"end":{"line":84,"column":11}},"39":{"start":{"line":87,"column":17},"end":{"line":87,"column":52}},"40":{"start":{"line":88,"column":2},"end":{"line":88,"column":40}},"41":{"start":{"line":90,"column":2},"end":{"line":105,"column":3}},"42":{"start":{"line":91,"column":21},"end":{"line":99,"column":5}},"43":{"start":{"line":101,"column":4},"end":{"line":101,"column":44}},"44":{"start":{"line":103,"column":4},"end":{"line":103,"column":81}},"45":{"start":{"line":104,"column":4},"end":{"line":104,"column":67}},"46":{"start":{"line":107,"column":2},"end":{"line":130,"column":4}}},"fnMap":{"0":{"name":"(anonymous_0)","decl":{"start":{"line":9,"column":22},"end":{"line":9,"column":23}},"loc":{"start":{"line":9,"column":28},"end":{"line":131,"column":1}},"line":9},"1":{"name":"(anonymous_1)","decl":{"start":{"line":15,"column":20},"end":{"line":15,"column":21}},"loc":{"start":{"line":15,"column":32},"end":{"line":26,"column":3}},"line":15},"2":{"name":"(anonymous_2)","decl":{"start":{"line":29,"column":24},"end":{"line":29,"column":25}},"loc":{"start":{"line":29,"column":52},"end":{"line":61,"column":3}},"line":29},"3":{"name":"(anonymous_3)","decl":{"start":{"line":64,"column":31},"end":{"line":64,"column":32}},"loc":{"start":{"line":64,"column":76},"end":{"line":76,"column":3}},"line":64},"4":{"name":"(anonymous_4)","decl":{"start":{"line":67,"column":23},"end":{"line":67,"column":24}},"loc":{"start":{"line":67,"column":44},"end":{"line":75,"column":5}},"line":67},"5":{"name":"(anonymous_5)","decl":{"start":{"line":69,"column":25},"end":{"line":69,"column":26}},"loc":{"start":{"line":69,"column":31},"end":{"line":72,"column":7}},"line":69},"6":{"name":"(anonymous_6)","decl":{"start":{"line":81,"column":24},"end":{"line":81,"column":25}},"loc":{"start":{"line":81,"column":36},"end":{"line":106,"column":1}},"line":81}},"branchMap":{"0":{"loc":{"start":{"line":22,"column":4},"end":{"line":25,"column":5}},"type":"if","locations":[{"start":{"line":22,"column":4},"end":{"line":25,"column":5}},{"start":{},"end":{}}],"line":22},"1":{"loc":{"start":{"line":50,"column":6},"end":{"line":54,"column":7}},"type":"if","locations":[{"start":{"line":50,"column":6},"end":{"line":54,"column":7}},{"start":{"line":52,"column":13},"end":{"line":54,"column":7}}],"line":50},"2":{"loc":{"start":{"line":50,"column":10},"end":{"line":50,"column":55}},"type":"binary-expr","locations":[{"start":{"line":50,"column":10},"end":{"line":50,"column":25}},{"start":{"line":50,"column":29},"end":{"line":50,"column":55}}],"line":50},"3":{"loc":{"start":{"line":71,"column":16},"end":{"line":71,"column":32}},"type":"binary-expr","locations":[{"start":{"line":71,"column":16},"end":{"line":71,"column":26}},{"start":{"line":71,"column":30},"end":{"line":71,"column":32}}],"line":71},"4":{"loc":{"start":{"line":82,"column":2},"end":{"line":85,"column":3}},"type":"if","locations":[{"start":{"line":82,"column":2},"end":{"line":85,"column":3}},{"start":{},"end":{}}],"line":82},"5":{"loc":{"start":{"line":103,"column":42},"end":{"line":103,"column":79}},"type":"binary-expr","locations":[{"start":{"line":103,"column":42},"end":{"line":103,"column":62}},{"start":{"line":103,"column":66},"end":{"line":103,"column":79}}],"line":103},"6":{"loc":{"start":{"line":113,"column":7},"end":{"line":113,"column":106}},"type":"binary-expr","locations":[{"start":{"line":113,"column":7},"end":{"line":113,"column":15}},{"start":{"line":113,"column":19},"end":{"line":113,"column":106}}],"line":113},"7":{"loc":{"start":{"line":115,"column":7},"end":{"line":115,"column":94}},"type":"binary-expr","locations":[{"start":{"line":115,"column":7},"end":{"line":115,"column":14}},{"start":{"line":115,"column":18},"end":{"line":115,"column":94}}],"line":115},"8":{"loc":{"start":{"line":124,"column":7},"end":{"line":128,"column":7}},"type":"binary-expr","locations":[{"start":{"line":124,"column":7},"end":{"line":124,"column":17}},{"start":{"line":125,"column":8},"end":{"line":127,"column":27}}],"line":124}},"s":{"0":0,"1":0,"2":0,"3":0,"4":0,"5":0,"6":0,"7":0,"8":0,"9":0,"10":0,"11":0,"12":0,"13":0,"14":0,"15":0,"16":0,"17":0,"18":0,"19":0,"20":0,"21":0,"22":0,"23":0,"24":0,"25":0,"26":0,"27":0,"28":0,"29":0,"30":0,"31":0,"32":0,"33":0,"34":0,"35":0,"36":0,"37":0,"38":0,"39":0,"40":0,"41":0,"42":0,"43":0,"44":0,"45":0,"46":0},"f":{"0":0,"1":0,"2":0,"3":0,"4":0,"5":0,"6":0},"b":{"0":[0,0],"1":[0,0],"2":[0,0],"3":[0,0],"4":[0,0],"5":[0,0],"6":[0,0],"7":[0,0],"8":[0,0]}}
,"D:\\delux-mami-fe\\app\\(auth)\\home\\takeAndScanExpense.tsx": {"path":"D:\\delux-mami-fe\\app\\(auth)\\home\\takeAndScanExpense.tsx","statementMap":{"0":{"start":{"line":6,"column":36},"end":{"line":6,"column":77}},"1":{"start":{"line":7,"column":24},"end":{"line":7,"column":76}},"2":{"start":{"line":9,"column":27},"end":{"line":111,"column":1}},"3":{"start":{"line":10,"column":34},"end":{"line":10,"column":63}},"4":{"start":{"line":11,"column":32},"end":{"line":11,"column":47}},"5":{"start":{"line":12,"column":38},"end":{"line":12,"column":67}},"6":{"start":{"line":14,"column":20},"end":{"line":32,"column":3}},"7":{"start":{"line":15,"column":29},"end":{"line":15,"column":78}},"8":{"start":{"line":16,"column":4},"end":{"line":19,"column":5}},"9":{"start":{"line":17,"column":6},"end":{"line":17,"column":86}},"10":{"start":{"line":18,"column":6},"end":{"line":18,"column":13}},"11":{"start":{"line":21,"column":19},"end":{"line":26,"column":6}},"12":{"start":{"line":28,"column":4},"end":{"line":31,"column":5}},"13":{"start":{"line":29,"column":6},"end":{"line":29,"column":40}},"14":{"start":{"line":30,"column":6},"end":{"line":30,"column":43}},"15":{"start":{"line":34,"column":22},"end":{"line":62,"column":3}},"16":{"start":{"line":35,"column":4},"end":{"line":35,"column":21}},"17":{"start":{"line":36,"column":4},"end":{"line":36,"column":24}},"18":{"start":{"line":37,"column":4},"end":{"line":61,"column":5}},"19":{"start":{"line":38,"column":23},"end":{"line":46,"column":7}},"20":{"start":{"line":48,"column":30},"end":{"line":48,"column":73}},"21":{"start":{"line":49,"column":6},"end":{"line":53,"column":7}},"22":{"start":{"line":50,"column":8},"end":{"line":50,"column":54}},"23":{"start":{"line":52,"column":8},"end":{"line":52,"column":53}},"24":{"start":{"line":55,"column":6},"end":{"line":55,"column":82}},"25":{"start":{"line":57,"column":6},"end":{"line":57,"column":53}},"26":{"start":{"line":58,"column":6},"end":{"line":58,"column":55}},"27":{"start":{"line":60,"column":6},"end":{"line":60,"column":24}},"28":{"start":{"line":64,"column":26},"end":{"line":88,"column":3}},"29":{"start":{"line":65,"column":4},"end":{"line":68,"column":5}},"30":{"start":{"line":66,"column":6},"end":{"line":66,"column":53}},"31":{"start":{"line":67,"column":6},"end":{"line":67,"column":13}},"32":{"start":{"line":70,"column":19},"end":{"line":70,"column":54}},"33":{"start":{"line":71,"column":4},"end":{"line":71,"column":42}},"34":{"start":{"line":73,"column":4},"end":{"line":87,"column":5}},"35":{"start":{"line":74,"column":23},"end":{"line":80,"column":7}},"36":{"start":{"line":82,"column":6},"end":{"line":82,"column":46}},"37":{"start":{"line":83,"column":6},"end":{"line":83,"column":64}},"38":{"start":{"line":85,"column":6},"end":{"line":85,"column":83}},"39":{"start":{"line":86,"column":6},"end":{"line":86,"column":69}},"40":{"start":{"line":90,"column":2},"end":{"line":110,"column":4}}},"fnMap":{"0":{"name":"(anonymous_0)","decl":{"start":{"line":9,"column":27},"end":{"line":9,"column":28}},"loc":{"start":{"line":9,"column":33},"end":{"line":111,"column":1}},"line":9},"1":{"name":"(anonymous_1)","decl":{"start":{"line":14,"column":20},"end":{"line":14,"column":21}},"loc":{"start":{"line":14,"column":32},"end":{"line":32,"column":3}},"line":14},"2":{"name":"(anonymous_2)","decl":{"start":{"line":34,"column":22},"end":{"line":34,"column":23}},"loc":{"start":{"line":34,"column":48},"end":{"line":62,"column":3}},"line":34},"3":{"name":"(anonymous_3)","decl":{"start":{"line":64,"column":26},"end":{"line":64,"column":27}},"loc":{"start":{"line":64,"column":38},"end":{"line":88,"column":3}},"line":64}},"branchMap":{"0":{"loc":{"start":{"line":16,"column":4},"end":{"line":19,"column":5}},"type":"if","locations":[{"start":{"line":16,"column":4},"end":{"line":19,"column":5}},{"start":{},"end":{}}],"line":16},"1":{"loc":{"start":{"line":28,"column":4},"end":{"line":31,"column":5}},"type":"if","locations":[{"start":{"line":28,"column":4},"end":{"line":31,"column":5}},{"start":{},"end":{}}],"line":28},"2":{"loc":{"start":{"line":28,"column":8},"end":{"line":28,"column":51}},"type":"binary-expr","locations":[{"start":{"line":28,"column":8},"end":{"line":28,"column":24}},{"start":{"line":28,"column":28},"end":{"line":28,"column":51}}],"line":28},"3":{"loc":{"start":{"line":49,"column":6},"end":{"line":53,"column":7}},"type":"if","locations":[{"start":{"line":49,"column":6},"end":{"line":53,"column":7}},{"start":{"line":51,"column":13},"end":{"line":53,"column":7}}],"line":49},"4":{"loc":{"start":{"line":49,"column":10},"end":{"line":49,"column":55}},"type":"binary-expr","locations":[{"start":{"line":49,"column":10},"end":{"line":49,"column":25}},{"start":{"line":49,"column":29},"end":{"line":49,"column":55}}],"line":49},"5":{"loc":{"start":{"line":65,"column":4},"end":{"line":68,"column":5}},"type":"if","locations":[{"start":{"line":65,"column":4},"end":{"line":68,"column":5}},{"start":{},"end":{}}],"line":65},"6":{"loc":{"start":{"line":85,"column":44},"end":{"line":85,"column":81}},"type":"binary-expr","locations":[{"start":{"line":85,"column":44},"end":{"line":85,"column":64}},{"start":{"line":85,"column":68},"end":{"line":85,"column":81}}],"line":85},"7":{"loc":{"start":{"line":94,"column":7},"end":{"line":94,"column":106}},"type":"binary-expr","locations":[{"start":{"line":94,"column":7},"end":{"line":94,"column":15}},{"start":{"line":94,"column":19},"end":{"line":94,"column":106}}],"line":94},"8":{"loc":{"start":{"line":96,"column":7},"end":{"line":96,"column":94}},"type":"binary-expr","locations":[{"start":{"line":96,"column":7},"end":{"line":96,"column":14}},{"start":{"line":96,"column":18},"end":{"line":96,"column":94}}],"line":96},"9":{"loc":{"start":{"line":98,"column":7},"end":{"line":102,"column":7}},"type":"binary-expr","locations":[{"start":{"line":98,"column":7},"end":{"line":98,"column":17}},{"start":{"line":99,"column":8},"end":{"line":101,"column":21}}],"line":98},"10":{"loc":{"start":{"line":104,"column":7},"end":{"line":108,"column":7}},"type":"binary-expr","locations":[{"start":{"line":104,"column":7},"end":{"line":104,"column":17}},{"start":{"line":105,"column":8},"end":{"line":107,"column":27}}],"line":104}},"s":{"0":0,"1":0,"2":0,"3":0,"4":0,"5":0,"6":0,"7":0,"8":0,"9":0,"10":0,"11":0,"12":0,"13":0,"14":0,"15":0,"16":0,"17":0,"18":0,"19":0,"20":0,"21":0,"22":0,"23":0,"24":0,"25":0,"26":0,"27":0,"28":0,"29":0,"30":0,"31":0,"32":0,"33":0,"34":0,"35":0,"36":0,"37":0,"38":0,"39":0,"40":0},"f":{"0":0,"1":0,"2":0,"3":0},"b":{"0":[0,0],"1":[0,0],"2":[0,0],"3":[0,0],"4":[0,0],"5":[0,0],"6":[0,0],"7":[0,0],"8":[0,0],"9":[0,0],"10":[0,0]}}
,"D:\\delux-mami-fe\\app\\(auth)\\home\\takeAndScanIncome.tsx": {"path":"D:\\delux-mami-fe\\app\\(auth)\\home\\takeAndScanIncome.tsx","statementMap":{"0":{"start":{"line":6,"column":36},"end":{"line":6,"column":77}},"1":{"start":{"line":7,"column":24},"end":{"line":7,"column":76}},"2":{"start":{"line":9,"column":26},"end":{"line":114,"column":1}},"3":{"start":{"line":10,"column":34},"end":{"line":10,"column":63}},"4":{"start":{"line":11,"column":32},"end":{"line":11,"column":47}},"5":{"start":{"line":12,"column":38},"end":{"line":12,"column":67}},"6":{"start":{"line":14,"column":20},"end":{"line":32,"column":3}},"7":{"start":{"line":15,"column":29},"end":{"line":15,"column":78}},"8":{"start":{"line":16,"column":4},"end":{"line":19,"column":5}},"9":{"start":{"line":17,"column":6},"end":{"line":17,"column":86}},"10":{"start":{"line":18,"column":6},"end":{"line":18,"column":13}},"11":{"start":{"line":21,"column":19},"end":{"line":26,"column":6}},"12":{"start":{"line":28,"column":4},"end":{"line":31,"column":5}},"13":{"start":{"line":29,"column":6},"end":{"line":29,"column":40}},"14":{"start":{"line":30,"column":6},"end":{"line":30,"column":43}},"15":{"start":{"line":34,"column":22},"end":{"line":62,"column":3}},"16":{"start":{"line":35,"column":4},"end":{"line":35,"column":21}},"17":{"start":{"line":36,"column":4},"end":{"line":36,"column":24}},"18":{"start":{"line":37,"column":4},"end":{"line":61,"column":5}},"19":{"start":{"line":38,"column":23},"end":{"line":46,"column":7}},"20":{"start":{"line":48,"column":30},"end":{"line":48,"column":73}},"21":{"start":{"line":49,"column":6},"end":{"line":53,"column":7}},"22":{"start":{"line":50,"column":8},"end":{"line":50,"column":54}},"23":{"start":{"line":52,"column":8},"end":{"line":52,"column":53}},"24":{"start":{"line":55,"column":6},"end":{"line":55,"column":82}},"25":{"start":{"line":57,"column":6},"end":{"line":57,"column":53}},"26":{"start":{"line":58,"column":6},"end":{"line":58,"column":55}},"27":{"start":{"line":60,"column":6},"end":{"line":60,"column":24}},"28":{"start":{"line":64,"column":26},"end":{"line":88,"column":3}},"29":{"start":{"line":65,"column":4},"end":{"line":68,"column":5}},"30":{"start":{"line":66,"column":6},"end":{"line":66,"column":53}},"31":{"start":{"line":67,"column":6},"end":{"line":67,"column":13}},"32":{"start":{"line":70,"column":19},"end":{"line":70,"column":52}},"33":{"start":{"line":71,"column":4},"end":{"line":71,"column":42}},"34":{"start":{"line":73,"column":4},"end":{"line":87,"column":5}},"35":{"start":{"line":74,"column":23},"end":{"line":80,"column":7}},"36":{"start":{"line":82,"column":6},"end":{"line":82,"column":46}},"37":{"start":{"line":83,"column":6},"end":{"line":83,"column":64}},"38":{"start":{"line":85,"column":6},"end":{"line":85,"column":83}},"39":{"start":{"line":86,"column":6},"end":{"line":86,"column":69}},"40":{"start":{"line":90,"column":2},"end":{"line":113,"column":4}}},"fnMap":{"0":{"name":"(anonymous_0)","decl":{"start":{"line":9,"column":26},"end":{"line":9,"column":27}},"loc":{"start":{"line":9,"column":32},"end":{"line":114,"column":1}},"line":9},"1":{"name":"(anonymous_1)","decl":{"start":{"line":14,"column":20},"end":{"line":14,"column":21}},"loc":{"start":{"line":14,"column":32},"end":{"line":32,"column":3}},"line":14},"2":{"name":"(anonymous_2)","decl":{"start":{"line":34,"column":22},"end":{"line":34,"column":23}},"loc":{"start":{"line":34,"column":48},"end":{"line":62,"column":3}},"line":34},"3":{"name":"(anonymous_3)","decl":{"start":{"line":64,"column":26},"end":{"line":64,"column":27}},"loc":{"start":{"line":64,"column":38},"end":{"line":88,"column":3}},"line":64}},"branchMap":{"0":{"loc":{"start":{"line":16,"column":4},"end":{"line":19,"column":5}},"type":"if","locations":[{"start":{"line":16,"column":4},"end":{"line":19,"column":5}},{"start":{},"end":{}}],"line":16},"1":{"loc":{"start":{"line":28,"column":4},"end":{"line":31,"column":5}},"type":"if","locations":[{"start":{"line":28,"column":4},"end":{"line":31,"column":5}},{"start":{},"end":{}}],"line":28},"2":{"loc":{"start":{"line":28,"column":8},"end":{"line":28,"column":51}},"type":"binary-expr","locations":[{"start":{"line":28,"column":8},"end":{"line":28,"column":24}},{"start":{"line":28,"column":28},"end":{"line":28,"column":51}}],"line":28},"3":{"loc":{"start":{"line":49,"column":6},"end":{"line":53,"column":7}},"type":"if","locations":[{"start":{"line":49,"column":6},"end":{"line":53,"column":7}},{"start":{"line":51,"column":13},"end":{"line":53,"column":7}}],"line":49},"4":{"loc":{"start":{"line":49,"column":10},"end":{"line":49,"column":55}},"type":"binary-expr","locations":[{"start":{"line":49,"column":10},"end":{"line":49,"column":25}},{"start":{"line":49,"column":29},"end":{"line":49,"column":55}}],"line":49},"5":{"loc":{"start":{"line":65,"column":4},"end":{"line":68,"column":5}},"type":"if","locations":[{"start":{"line":65,"column":4},"end":{"line":68,"column":5}},{"start":{},"end":{}}],"line":65},"6":{"loc":{"start":{"line":85,"column":44},"end":{"line":85,"column":81}},"type":"binary-expr","locations":[{"start":{"line":85,"column":44},"end":{"line":85,"column":64}},{"start":{"line":85,"column":68},"end":{"line":85,"column":81}}],"line":85},"7":{"loc":{"start":{"line":97,"column":7},"end":{"line":97,"column":106}},"type":"binary-expr","locations":[{"start":{"line":97,"column":7},"end":{"line":97,"column":15}},{"start":{"line":97,"column":19},"end":{"line":97,"column":106}}],"line":97},"8":{"loc":{"start":{"line":99,"column":7},"end":{"line":99,"column":94}},"type":"binary-expr","locations":[{"start":{"line":99,"column":7},"end":{"line":99,"column":14}},{"start":{"line":99,"column":18},"end":{"line":99,"column":94}}],"line":99},"9":{"loc":{"start":{"line":101,"column":7},"end":{"line":105,"column":7}},"type":"binary-expr","locations":[{"start":{"line":101,"column":7},"end":{"line":101,"column":17}},{"start":{"line":102,"column":8},"end":{"line":104,"column":21}}],"line":101},"10":{"loc":{"start":{"line":107,"column":7},"end":{"line":111,"column":7}},"type":"binary-expr","locations":[{"start":{"line":107,"column":7},"end":{"line":107,"column":17}},{"start":{"line":108,"column":8},"end":{"line":110,"column":27}}],"line":107}},"s":{"0":0,"1":0,"2":0,"3":0,"4":0,"5":0,"6":0,"7":0,"8":0,"9":0,"10":0,"11":0,"12":0,"13":0,"14":0,"15":0,"16":0,"17":0,"18":0,"19":0,"20":0,"21":0,"22":0,"23":0,"24":0,"25":0,"26":0,"27":0,"28":0,"29":0,"30":0,"31":0,"32":0,"33":0,"34":0,"35":0,"36":0,"37":0,"38":0,"39":0,"40":0},"f":{"0":0,"1":0,"2":0,"3":0},"b":{"0":[0,0],"1":[0,0],"2":[0,0],"3":[0,0],"4":[0,0],"5":[0,0],"6":[0,0],"7":[0,0],"8":[0,0],"9":[0,0],"10":[0,0]}}
,"D:\\delux-mami-fe\\app\\(tabs)\\Budget.tsx": {"path":"D:\\delux-mami-fe\\app\\(tabs)\\Budget.tsx","statementMap":{"0":{"start":{"line":4,"column":31},"end":{"line":12,"column":1}},"1":{"start":{"line":5,"column":2},"end":{"line":11,"column":4}}},"fnMap":{"0":{"name":"(anonymous_0)","decl":{"start":{"line":4,"column":31},"end":{"line":4,"column":32}},"loc":{"start":{"line":4,"column":37},"end":{"line":12,"column":1}},"line":4}},"branchMap":{},"s":{"0":0,"1":0},"f":{"0":0},"b":{}}
,"D:\\delux-mami-fe\\app\\(tabs)\\Home.tsx": {"path":"D:\\delux-mami-fe\\app\\(tabs)\\Home.tsx","statementMap":{"0":{"start":{"line":10,"column":29},"end":{"line":221,"column":1}},"1":{"start":{"line":12,"column":45},"end":{"line":16,"column":3}},"2":{"start":{"line":18,"column":23},"end":{"line":49,"column":3}},"3":{"start":{"line":51,"column":17},"end":{"line":51,"column":28}},"4":{"start":{"line":52,"column":42},"end":{"line":52,"column":57}},"5":{"start":{"line":54,"column":20},"end":{"line":58,"column":3}},"6":{"start":{"line":61,"column":24},"end":{"line":67,"column":3}},"7":{"start":{"line":69,"column":2},"end":{"line":220,"column":4}},"8":{"start":{"line":75,"column":27},"end":{"line":75,"column":57}},"9":{"start":{"line":91,"column":27},"end":{"line":91,"column":60}},"10":{"start":{"line":129,"column":38},"end":{"line":129,"column":65}},"11":{"start":{"line":130,"column":43},"end":{"line":130,"column":70}},"12":{"start":{"line":143,"column":27},"end":{"line":143,"column":71}},"13":{"start":{"line":150,"column":12},"end":{"line":170,"column":19}},"14":{"start":{"line":177,"column":27},"end":{"line":177,"column":48}},"15":{"start":{"line":186,"column":34},"end":{"line":186,"column":56}},"16":{"start":{"line":193,"column":35},"end":{"line":193,"column":70}},"17":{"start":{"line":194,"column":18},"end":{"line":194,"column":41}},"18":{"start":{"line":202,"column":20},"end":{"line":202,"column":56}},"19":{"start":{"line":203,"column":20},"end":{"line":203,"column":43}},"20":{"start":{"line":210,"column":33},"end":{"line":210,"column":55}}},"fnMap":{"0":{"name":"(anonymous_0)","decl":{"start":{"line":10,"column":29},"end":{"line":10,"column":30}},"loc":{"start":{"line":10,"column":35},"end":{"line":221,"column":1}},"line":10},"1":{"name":"(anonymous_1)","decl":{"start":{"line":75,"column":21},"end":{"line":75,"column":22}},"loc":{"start":{"line":75,"column":27},"end":{"line":75,"column":57}},"line":75},"2":{"name":"(anonymous_2)","decl":{"start":{"line":91,"column":21},"end":{"line":91,"column":22}},"loc":{"start":{"line":91,"column":27},"end":{"line":91,"column":60}},"line":91},"3":{"name":"(anonymous_3)","decl":{"start":{"line":129,"column":21},"end":{"line":129,"column":22}},"loc":{"start":{"line":129,"column":38},"end":{"line":129,"column":65}},"line":129},"4":{"name":"(anonymous_4)","decl":{"start":{"line":130,"column":26},"end":{"line":130,"column":27}},"loc":{"start":{"line":130,"column":43},"end":{"line":130,"column":70}},"line":130},"5":{"name":"(anonymous_5)","decl":{"start":{"line":143,"column":21},"end":{"line":143,"column":22}},"loc":{"start":{"line":143,"column":27},"end":{"line":143,"column":71}},"line":143},"6":{"name":"(anonymous_6)","decl":{"start":{"line":149,"column":28},"end":{"line":149,"column":29}},"loc":{"start":{"line":150,"column":12},"end":{"line":170,"column":19}},"line":150},"7":{"name":"(anonymous_7)","decl":{"start":{"line":177,"column":21},"end":{"line":177,"column":22}},"loc":{"start":{"line":177,"column":27},"end":{"line":177,"column":48}},"line":177},"8":{"name":"(anonymous_8)","decl":{"start":{"line":186,"column":28},"end":{"line":186,"column":29}},"loc":{"start":{"line":186,"column":34},"end":{"line":186,"column":56}},"line":186},"9":{"name":"(anonymous_9)","decl":{"start":{"line":193,"column":27},"end":{"line":193,"column":28}},"loc":{"start":{"line":193,"column":33},"end":{"line":195,"column":19}},"line":193},"10":{"name":"(anonymous_10)","decl":{"start":{"line":201,"column":27},"end":{"line":201,"column":28}},"loc":{"start":{"line":201,"column":33},"end":{"line":204,"column":19}},"line":201},"11":{"name":"(anonymous_11)","decl":{"start":{"line":210,"column":27},"end":{"line":210,"column":28}},"loc":{"start":{"line":210,"column":33},"end":{"line":210,"column":55}},"line":210}},"branchMap":{"0":{"loc":{"start":{"line":129,"column":22},"end":{"line":129,"column":33}},"type":"default-arg","locations":[{"start":{"line":129,"column":32},"end":{"line":129,"column":33}}],"line":129},"1":{"loc":{"start":{"line":130,"column":27},"end":{"line":130,"column":38}},"type":"default-arg","locations":[{"start":{"line":130,"column":37},"end":{"line":130,"column":38}}],"line":130},"2":{"loc":{"start":{"line":153,"column":19},"end":{"line":157,"column":19}},"type":"cond-expr","locations":[{"start":{"line":154,"column":22},"end":{"line":154,"column":117}},{"start":{"line":156,"column":22},"end":{"line":156,"column":119}}],"line":153},"3":{"loc":{"start":{"line":154,"column":76},"end":{"line":154,"column":113}},"type":"binary-expr","locations":[{"start":{"line":154,"column":76},"end":{"line":154,"column":102}},{"start":{"line":154,"column":106},"end":{"line":154,"column":113}}],"line":154},"4":{"loc":{"start":{"line":156,"column":78},"end":{"line":156,"column":115}},"type":"binary-expr","locations":[{"start":{"line":156,"column":78},"end":{"line":156,"column":104}},{"start":{"line":156,"column":108},"end":{"line":156,"column":115}}],"line":156},"5":{"loc":{"start":{"line":161,"column":35},"end":{"line":161,"column":111}},"type":"cond-expr","locations":[{"start":{"line":161,"column":62},"end":{"line":161,"column":86}},{"start":{"line":161,"column":89},"end":{"line":161,"column":111}}],"line":161},"6":{"loc":{"start":{"line":167,"column":33},"end":{"line":167,"column":121}},"type":"cond-expr","locations":[{"start":{"line":167,"column":60},"end":{"line":167,"column":90}},{"start":{"line":167,"column":93},"end":{"line":167,"column":121}}],"line":167}},"s":{"0":0,"1":0,"2":0,"3":0,"4":0,"5":0,"6":0,"7":0,"8":0,"9":0,"10":0,"11":0,"12":0,"13":0,"14":0,"15":0,"16":0,"17":0,"18":0,"19":0,"20":0},"f":{"0":0,"1":0,"2":0,"3":0,"4":0,"5":0,"6":0,"7":0,"8":0,"9":0,"10":0,"11":0},"b":{"0":[0],"1":[0],"2":[0,0],"3":[0,0],"4":[0,0],"5":[0,0],"6":[0,0]}}
,"D:\\delux-mami-fe\\app\\(tabs)\\Profile.tsx": {"path":"D:\\delux-mami-fe\\app\\(tabs)\\Profile.tsx","statementMap":{"0":{"start":{"line":6,"column":32},"end":{"line":79,"column":1}},"1":{"start":{"line":8,"column":17},"end":{"line":8,"column":28}},"2":{"start":{"line":10,"column":2},"end":{"line":78,"column":4}},"3":{"start":{"line":41,"column":27},"end":{"line":41,"column":57}},"4":{"start":{"line":50,"column":27},"end":{"line":50,"column":58}},"5":{"start":{"line":59,"column":27},"end":{"line":59,"column":61}},"6":{"start":{"line":68,"column":25},"end":{"line":68,"column":55}}},"fnMap":{"0":{"name":"(anonymous_0)","decl":{"start":{"line":6,"column":32},"end":{"line":6,"column":33}},"loc":{"start":{"line":6,"column":38},"end":{"line":79,"column":1}},"line":6},"1":{"name":"(anonymous_1)","decl":{"start":{"line":41,"column":21},"end":{"line":41,"column":22}},"loc":{"start":{"line":41,"column":27},"end":{"line":41,"column":57}},"line":41},"2":{"name":"(anonymous_2)","decl":{"start":{"line":50,"column":21},"end":{"line":50,"column":22}},"loc":{"start":{"line":50,"column":27},"end":{"line":50,"column":58}},"line":50},"3":{"name":"(anonymous_3)","decl":{"start":{"line":59,"column":21},"end":{"line":59,"column":22}},"loc":{"start":{"line":59,"column":27},"end":{"line":59,"column":61}},"line":59},"4":{"name":"(anonymous_4)","decl":{"start":{"line":68,"column":19},"end":{"line":68,"column":20}},"loc":{"start":{"line":68,"column":25},"end":{"line":68,"column":55}},"line":68}},"branchMap":{},"s":{"0":0,"1":0,"2":0,"3":0,"4":0,"5":0,"6":0},"f":{"0":0,"1":0,"2":0,"3":0,"4":0},"b":{}}
,"D:\\delux-mami-fe\\app\\(tabs)\\Transaction.tsx": {"path":"D:\\delux-mami-fe\\app\\(tabs)\\Transaction.tsx","statementMap":{"0":{"start":{"line":5,"column":36},"end":{"line":130,"column":1}},"1":{"start":{"line":7,"column":45},"end":{"line":11,"column":3}},"2":{"start":{"line":13,"column":23},"end":{"line":65,"column":3}},"3":{"start":{"line":67,"column":2},"end":{"line":129,"column":4}},"4":{"start":{"line":91,"column":12},"end":{"line":105,"column":19}},"5":{"start":{"line":110,"column":12},"end":{"line":124,"column":19}}},"fnMap":{"0":{"name":"(anonymous_0)","decl":{"start":{"line":5,"column":36},"end":{"line":5,"column":37}},"loc":{"start":{"line":5,"column":42},"end":{"line":130,"column":1}},"line":5},"1":{"name":"(anonymous_1)","decl":{"start":{"line":90,"column":40},"end":{"line":90,"column":41}},"loc":{"start":{"line":91,"column":12},"end":{"line":105,"column":19}},"line":91},"2":{"name":"(anonymous_2)","decl":{"start":{"line":109,"column":37},"end":{"line":109,"column":38}},"loc":{"start":{"line":110,"column":12},"end":{"line":124,"column":19}},"line":110}},"branchMap":{"0":{"loc":{"start":{"line":93,"column":70},"end":{"line":93,"column":107}},"type":"binary-expr","locations":[{"start":{"line":93,"column":70},"end":{"line":93,"column":96}},{"start":{"line":93,"column":100},"end":{"line":93,"column":107}}],"line":93},"1":{"loc":{"start":{"line":100,"column":50},"end":{"line":100,"column":113}},"type":"cond-expr","locations":[{"start":{"line":100,"column":80},"end":{"line":100,"column":96}},{"start":{"line":100,"column":99},"end":{"line":100,"column":113}}],"line":100},"2":{"loc":{"start":{"line":119,"column":50},"end":{"line":119,"column":113}},"type":"cond-expr","locations":[{"start":{"line":119,"column":80},"end":{"line":119,"column":96}},{"start":{"line":119,"column":99},"end":{"line":119,"column":113}}],"line":119}},"s":{"0":0,"1":0,"2":0,"3":0,"4":0,"5":0},"f":{"0":0,"1":0,"2":0},"b":{"0":[0,0],"1":[0,0],"2":[0,0]}}
,"D:\\delux-mami-fe\\app\\(tabs)\\_layout.tsx": {"path":"D:\\delux-mami-fe\\app\\(tabs)\\_layout.tsx","statementMap":{"0":{"start":{"line":6,"column":2},"end":{"line":32,"column":4}},"1":{"start":{"line":8,"column":37},"end":{"line":25,"column":7}},"2":{"start":{"line":12,"column":10},"end":{"line":20,"column":11}},"3":{"start":{"line":13,"column":12},"end":{"line":13,"column":57}},"4":{"start":{"line":14,"column":17},"end":{"line":20,"column":11}},"5":{"start":{"line":15,"column":12},"end":{"line":15,"column":79}},"6":{"start":{"line":16,"column":17},"end":{"line":20,"column":11}},"7":{"start":{"line":17,"column":12},"end":{"line":17,"column":67}},"8":{"start":{"line":18,"column":17},"end":{"line":20,"column":11}},"9":{"start":{"line":19,"column":12},"end":{"line":19,"column":61}},"10":{"start":{"line":21,"column":10},"end":{"line":21,"column":72}}},"fnMap":{"0":{"name":"TabsLayout","decl":{"start":{"line":5,"column":24},"end":{"line":5,"column":34}},"loc":{"start":{"line":5,"column":37},"end":{"line":33,"column":1}},"line":5},"1":{"name":"(anonymous_1)","decl":{"start":{"line":8,"column":21},"end":{"line":8,"column":22}},"loc":{"start":{"line":8,"column":37},"end":{"line":25,"column":7}},"line":8},"2":{"name":"(anonymous_2)","decl":{"start":{"line":10,"column":20},"end":{"line":10,"column":21}},"loc":{"start":{"line":10,"column":50},"end":{"line":22,"column":9}},"line":10}},"branchMap":{"0":{"loc":{"start":{"line":12,"column":10},"end":{"line":20,"column":11}},"type":"if","locations":[{"start":{"line":12,"column":10},"end":{"line":20,"column":11}},{"start":{"line":14,"column":17},"end":{"line":20,"column":11}}],"line":12},"1":{"loc":{"start":{"line":13,"column":23},"end":{"line":13,"column":56}},"type":"cond-expr","locations":[{"start":{"line":13,"column":33},"end":{"line":13,"column":39}},{"start":{"line":13,"column":42},"end":{"line":13,"column":56}}],"line":13},"2":{"loc":{"start":{"line":14,"column":17},"end":{"line":20,"column":11}},"type":"if","locations":[{"start":{"line":14,"column":17},"end":{"line":20,"column":11}},{"start":{"line":16,"column":17},"end":{"line":20,"column":11}}],"line":14},"3":{"loc":{"start":{"line":15,"column":23},"end":{"line":15,"column":78}},"type":"cond-expr","locations":[{"start":{"line":15,"column":33},"end":{"line":15,"column":50}},{"start":{"line":15,"column":53},"end":{"line":15,"column":78}}],"line":15},"4":{"loc":{"start":{"line":16,"column":17},"end":{"line":20,"column":11}},"type":"if","locations":[{"start":{"line":16,"column":17},"end":{"line":20,"column":11}},{"start":{"line":18,"column":17},"end":{"line":20,"column":11}}],"line":16},"5":{"loc":{"start":{"line":17,"column":23},"end":{"line":17,"column":66}},"type":"cond-expr","locations":[{"start":{"line":17,"column":33},"end":{"line":17,"column":44}},{"start":{"line":17,"column":47},"end":{"line":17,"column":66}}],"line":17},"6":{"loc":{"start":{"line":18,"column":17},"end":{"line":20,"column":11}},"type":"if","locations":[{"start":{"line":18,"column":17},"end":{"line":20,"column":11}},{"start":{},"end":{}}],"line":18},"7":{"loc":{"start":{"line":19,"column":23},"end":{"line":19,"column":60}},"type":"cond-expr","locations":[{"start":{"line":19,"column":33},"end":{"line":19,"column":41}},{"start":{"line":19,"column":44},"end":{"line":19,"column":60}}],"line":19}},"s":{"0":0,"1":0,"2":0,"3":0,"4":0,"5":0,"6":0,"7":0,"8":0,"9":0,"10":0},"f":{"0":0,"1":0,"2":0},"b":{"0":[0,0],"1":[0,0],"2":[0,0],"3":[0,0],"4":[0,0],"5":[0,0],"6":[0,0],"7":[0,0]}}
}
