{"D:\\delux-mami-fe\\firebase.config.ts": {"path":"D:\\delux-mami-fe\\firebase.config.ts","statementMap":{"0":{"start":{"line":3,"column":23},"end":{"line":11,"column":1}},"1":{"start":{"line":12,"column":27},"end":{"line":12,"column":56}},"2":{"start":{"line":13,"column":28},"end":{"line":13,"column":48}}},"fnMap":{},"branchMap":{},"s":{"0":0,"1":0,"2":0},"f":{},"b":{}}
,"D:\\delux-mami-fe\\jest.config.tsx": {"path":"D:\\delux-mami-fe\\jest.config.tsx","statementMap":{},"fnMap":{},"branchMap":{},"s":{},"f":{},"b":{}}
,"D:\\delux-mami-fe\\metro.config.js": {"path":"D:\\delux-mami-fe\\metro.config.js","statementMap":{"0":{"start":{"line":1,"column":29},"end":{"line":1,"column":57}},"1":{"start":{"line":2,"column":27},"end":{"line":2,"column":54}},"2":{"start":{"line":4,"column":15},"end":{"line":4,"column":42}},"3":{"start":{"line":6,"column":0},"end":{"line":6,"column":67}}},"fnMap":{},"branchMap":{},"s":{"0":0,"1":0,"2":0,"3":0},"f":{},"b":{}}
,"D:\\delux-mami-fe\\nativewind-env.d.ts": {"path":"D:\\delux-mami-fe\\nativewind-env.d.ts","statementMap":{},"fnMap":{},"branchMap":{},"s":{},"f":{},"b":{}}
,"D:\\delux-mami-fe\\tailwind.config.js": {"path":"D:\\delux-mami-fe\\tailwind.config.js","statementMap":{"0":{"start":{"line":2,"column":0},"end":{"line":9,"column":2}}},"fnMap":{},"branchMap":{},"s":{"0":0},"f":{},"b":{}}
,"D:\\delux-mami-fe\\types.ts": {"path":"D:\\delux-mami-fe\\types.ts","statementMap":{},"fnMap":{},"branchMap":{},"s":{},"f":{},"b":{}}
,"D:\\delux-mami-fe\\app\\_layout.tsx": {"path":"D:\\delux-mami-fe\\app\\_layout.tsx","statementMap":{"0":{"start":{"line":4,"column":2},"end":{"line":9,"column":4}}},"fnMap":{"0":{"name":"RootLayout","decl":{"start":{"line":3,"column":24},"end":{"line":3,"column":34}},"loc":{"start":{"line":3,"column":37},"end":{"line":10,"column":1}},"line":3}},"branchMap":{},"s":{"0":0},"f":{"0":0},"b":{}}
,"D:\\delux-mami-fe\\app\\index.tsx": {"path":"D:\\delux-mami-fe\\app\\index.tsx","statementMap":{"0":{"start":{"line":5,"column":24},"end":{"line":7,"column":1}},"1":{"start":{"line":6,"column":2},"end":{"line":6,"column":47}}},"fnMap":{"0":{"name":"(anonymous_0)","decl":{"start":{"line":5,"column":24},"end":{"line":5,"column":25}},"loc":{"start":{"line":5,"column":30},"end":{"line":7,"column":1}},"line":5}},"branchMap":{},"s":{"0":0,"1":0},"f":{"0":0},"b":{}}
,"D:\\delux-mami-fe\\app\\(auth)\\_layout.tsx": {"path":"D:\\delux-mami-fe\\app\\(auth)\\_layout.tsx","statementMap":{"0":{"start":{"line":5,"column":2},"end":{"line":15,"column":4}}},"fnMap":{"0":{"name":"AuthLayout","decl":{"start":{"line":4,"column":24},"end":{"line":4,"column":34}},"loc":{"start":{"line":4,"column":37},"end":{"line":16,"column":1}},"line":4}},"branchMap":{},"s":{"0":0},"f":{"0":0},"b":{}}
,"D:\\delux-mami-fe\\app\\(auth)\\account.tsx": {"path":"D:\\delux-mami-fe\\app\\(auth)\\account.tsx","statementMap":{"0":{"start":{"line":6,"column":16},"end":{"line":11,"column":3}},"1":{"start":{"line":13,"column":32},"end":{"line":53,"column":1}},"2":{"start":{"line":15,"column":19},"end":{"line":15,"column":30}},"3":{"start":{"line":17,"column":2},"end":{"line":52,"column":4}},"4":{"start":{"line":22,"column":23},"end":{"line":22,"column":47}},"5":{"start":{"line":37,"column":10},"end":{"line":43,"column":17}}},"fnMap":{"0":{"name":"(anonymous_0)","decl":{"start":{"line":13,"column":32},"end":{"line":13,"column":33}},"loc":{"start":{"line":13,"column":38},"end":{"line":53,"column":1}},"line":13},"1":{"name":"(anonymous_1)","decl":{"start":{"line":22,"column":17},"end":{"line":22,"column":18}},"loc":{"start":{"line":22,"column":23},"end":{"line":22,"column":47}},"line":22},"2":{"name":"(anonymous_2)","decl":{"start":{"line":36,"column":21},"end":{"line":36,"column":22}},"loc":{"start":{"line":37,"column":10},"end":{"line":43,"column":17}},"line":37}},"branchMap":{},"s":{"0":0,"1":0,"2":0,"3":0,"4":0,"5":0},"f":{"0":0,"1":0,"2":0},"b":{}}
,"D:\\delux-mami-fe\\app\\(auth)\\export-data.tsx": {"path":"D:\\delux-mami-fe\\app\\(auth)\\export-data.tsx","statementMap":{"0":{"start":{"line":7,"column":19},"end":{"line":28,"column":1}},"1":{"start":{"line":9,"column":19},"end":{"line":9,"column":30}},"2":{"start":{"line":11,"column":4},"end":{"line":27,"column":5}},"3":{"start":{"line":15,"column":31},"end":{"line":15,"column":55}}},"fnMap":{"0":{"name":"(anonymous_0)","decl":{"start":{"line":7,"column":19},"end":{"line":7,"column":20}},"loc":{"start":{"line":7,"column":25},"end":{"line":28,"column":1}},"line":7},"1":{"name":"(anonymous_1)","decl":{"start":{"line":15,"column":25},"end":{"line":15,"column":26}},"loc":{"start":{"line":15,"column":31},"end":{"line":15,"column":55}},"line":15}},"branchMap":{},"s":{"0":0,"1":0,"2":0,"3":0},"f":{"0":0,"1":0},"b":{}}
,"D:\\delux-mami-fe\\app\\(auth)\\intro.tsx": {"path":"D:\\delux-mami-fe\\app\\(auth)\\intro.tsx","statementMap":{"0":{"start":{"line":6,"column":20},"end":{"line":33,"column":1}},"1":{"start":{"line":8,"column":17},"end":{"line":8,"column":28}},"2":{"start":{"line":10,"column":2},"end":{"line":32,"column":4}},"3":{"start":{"line":27,"column":25},"end":{"line":27,"column":48}}},"fnMap":{"0":{"name":"(anonymous_0)","decl":{"start":{"line":6,"column":20},"end":{"line":6,"column":21}},"loc":{"start":{"line":6,"column":26},"end":{"line":33,"column":1}},"line":6},"1":{"name":"(anonymous_1)","decl":{"start":{"line":27,"column":19},"end":{"line":27,"column":20}},"loc":{"start":{"line":27,"column":25},"end":{"line":27,"column":48}},"line":27}},"branchMap":{},"s":{"0":0,"1":0,"2":0,"3":0},"f":{"0":0,"1":0},"b":{}}
,"D:\\delux-mami-fe\\app\\(auth)\\settings.tsx": {"path":"D:\\delux-mami-fe\\app\\(auth)\\settings.tsx","statementMap":{"0":{"start":{"line":6,"column":23},"end":{"line":29,"column":1}},"1":{"start":{"line":8,"column":19},"end":{"line":8,"column":30}},"2":{"start":{"line":10,"column":4},"end":{"line":28,"column":6}},"3":{"start":{"line":14,"column":27},"end":{"line":14,"column":51}}},"fnMap":{"0":{"name":"(anonymous_0)","decl":{"start":{"line":6,"column":23},"end":{"line":6,"column":24}},"loc":{"start":{"line":6,"column":29},"end":{"line":29,"column":1}},"line":6},"1":{"name":"(anonymous_1)","decl":{"start":{"line":14,"column":21},"end":{"line":14,"column":22}},"loc":{"start":{"line":14,"column":27},"end":{"line":14,"column":51}},"line":14}},"branchMap":{},"s":{"0":0,"1":0,"2":0,"3":0},"f":{"0":0,"1":0},"b":{}}
,"D:\\delux-mami-fe\\app\\(auth)\\sign-in.tsx": {"path":"D:\\delux-mami-fe\\app\\(auth)\\sign-in.tsx","statementMap":{"0":{"start":{"line":5,"column":21},"end":{"line":44,"column":1}},"1":{"start":{"line":6,"column":17},"end":{"line":6,"column":28}},"2":{"start":{"line":7,"column":28},"end":{"line":7,"column":40}},"3":{"start":{"line":8,"column":34},"end":{"line":8,"column":46}},"4":{"start":{"line":10,"column":2},"end":{"line":43,"column":4}},"5":{"start":{"line":31,"column":25},"end":{"line":31,"column":52}},"6":{"start":{"line":37,"column":43},"end":{"line":37,"column":66}}},"fnMap":{"0":{"name":"(anonymous_0)","decl":{"start":{"line":5,"column":21},"end":{"line":5,"column":22}},"loc":{"start":{"line":5,"column":27},"end":{"line":44,"column":1}},"line":5},"1":{"name":"(anonymous_1)","decl":{"start":{"line":31,"column":19},"end":{"line":31,"column":20}},"loc":{"start":{"line":31,"column":25},"end":{"line":31,"column":52}},"line":31},"2":{"name":"(anonymous_2)","decl":{"start":{"line":37,"column":37},"end":{"line":37,"column":38}},"loc":{"start":{"line":37,"column":43},"end":{"line":37,"column":66}},"line":37}},"branchMap":{},"s":{"0":0,"1":0,"2":0,"3":0,"4":0,"5":0,"6":0},"f":{"0":0,"1":0,"2":0},"b":{}}
,"D:\\delux-mami-fe\\app\\(auth)\\sign-up.tsx": {"path":"D:\\delux-mami-fe\\app\\(auth)\\sign-up.tsx","statementMap":{"0":{"start":{"line":5,"column":21},"end":{"line":53,"column":1}},"1":{"start":{"line":6,"column":17},"end":{"line":6,"column":28}},"2":{"start":{"line":7,"column":28},"end":{"line":7,"column":40}},"3":{"start":{"line":8,"column":34},"end":{"line":8,"column":46}},"4":{"start":{"line":9,"column":48},"end":{"line":9,"column":60}},"5":{"start":{"line":12,"column":2},"end":{"line":52,"column":4}},"6":{"start":{"line":40,"column":25},"end":{"line":40,"column":55}},"7":{"start":{"line":46,"column":43},"end":{"line":46,"column":66}}},"fnMap":{"0":{"name":"(anonymous_0)","decl":{"start":{"line":5,"column":21},"end":{"line":5,"column":22}},"loc":{"start":{"line":5,"column":27},"end":{"line":53,"column":1}},"line":5},"1":{"name":"(anonymous_1)","decl":{"start":{"line":40,"column":19},"end":{"line":40,"column":20}},"loc":{"start":{"line":40,"column":25},"end":{"line":40,"column":55}},"line":40},"2":{"name":"(anonymous_2)","decl":{"start":{"line":46,"column":37},"end":{"line":46,"column":38}},"loc":{"start":{"line":46,"column":43},"end":{"line":46,"column":66}},"line":46}},"branchMap":{},"s":{"0":0,"1":0,"2":0,"3":0,"4":0,"5":0,"6":0,"7":0},"f":{"0":0,"1":0,"2":0},"b":{}}
,"D:\\delux-mami-fe\\app\\(auth)\\home\\_layout.tsx": {"path":"D:\\delux-mami-fe\\app\\(auth)\\home\\_layout.tsx","statementMap":{"0":{"start":{"line":5,"column":2},"end":{"line":15,"column":4}}},"fnMap":{"0":{"name":"HomeLayout","decl":{"start":{"line":4,"column":24},"end":{"line":4,"column":34}},"loc":{"start":{"line":4,"column":37},"end":{"line":16,"column":1}},"line":4}},"branchMap":{},"s":{"0":0},"f":{"0":0},"b":{}}
,"D:\\delux-mami-fe\\app\\(auth)\\home\\expenses.tsx": {"path":"D:\\delux-mami-fe\\app\\(auth)\\home\\expenses.tsx","statementMap":{"0":{"start":{"line":7,"column":23},"end":{"line":45,"column":1}},"1":{"start":{"line":8,"column":30},"end":{"line":8,"column":43}},"2":{"start":{"line":9,"column":30},"end":{"line":9,"column":45}},"3":{"start":{"line":10,"column":17},"end":{"line":10,"column":28}},"4":{"start":{"line":12,"column":2},"end":{"line":44,"column":4}},"5":{"start":{"line":16,"column":23},"end":{"line":16,"column":50}}},"fnMap":{"0":{"name":"(anonymous_0)","decl":{"start":{"line":7,"column":23},"end":{"line":7,"column":24}},"loc":{"start":{"line":7,"column":29},"end":{"line":45,"column":1}},"line":7},"1":{"name":"(anonymous_1)","decl":{"start":{"line":16,"column":17},"end":{"line":16,"column":18}},"loc":{"start":{"line":16,"column":23},"end":{"line":16,"column":50}},"line":16}},"branchMap":{},"s":{"0":0,"1":0,"2":0,"3":0,"4":0,"5":0},"f":{"0":0,"1":0},"b":{}}
,"D:\\delux-mami-fe\\app\\(auth)\\home\\income.tsx": {"path":"D:\\delux-mami-fe\\app\\(auth)\\home\\income.tsx","statementMap":{"0":{"start":{"line":8,"column":21},"end":{"line":46,"column":1}},"1":{"start":{"line":9,"column":30},"end":{"line":9,"column":43}},"2":{"start":{"line":10,"column":30},"end":{"line":10,"column":45}},"3":{"start":{"line":11,"column":17},"end":{"line":11,"column":28}},"4":{"start":{"line":13,"column":2},"end":{"line":45,"column":4}},"5":{"start":{"line":17,"column":23},"end":{"line":17,"column":50}}},"fnMap":{"0":{"name":"(anonymous_0)","decl":{"start":{"line":8,"column":21},"end":{"line":8,"column":22}},"loc":{"start":{"line":8,"column":27},"end":{"line":46,"column":1}},"line":8},"1":{"name":"(anonymous_1)","decl":{"start":{"line":17,"column":17},"end":{"line":17,"column":18}},"loc":{"start":{"line":17,"column":23},"end":{"line":17,"column":50}},"line":17}},"branchMap":{},"s":{"0":0,"1":0,"2":0,"3":0,"4":0,"5":0},"f":{"0":0,"1":0},"b":{}}
,"D:\\delux-mami-fe\\app\\(auth)\\home\\list-transaction.tsx": {"path":"D:\\delux-mami-fe\\app\\(auth)\\home\\list-transaction.tsx","statementMap":{"0":{"start":{"line":8,"column":24},"end":{"line":111,"column":1}},"1":{"start":{"line":9,"column":19},"end":{"line":9,"column":30}},"2":{"start":{"line":10,"column":25},"end":{"line":72,"column":5}},"3":{"start":{"line":74,"column":2},"end":{"line":110,"column":3}},"4":{"start":{"line":78,"column":130},"end":{"line":78,"column":150}},"5":{"start":{"line":85,"column":20},"end":{"line":105,"column":27}}},"fnMap":{"0":{"name":"(anonymous_0)","decl":{"start":{"line":8,"column":24},"end":{"line":8,"column":25}},"loc":{"start":{"line":8,"column":30},"end":{"line":111,"column":1}},"line":8},"1":{"name":"(anonymous_1)","decl":{"start":{"line":78,"column":124},"end":{"line":78,"column":125}},"loc":{"start":{"line":78,"column":130},"end":{"line":78,"column":150}},"line":78},"2":{"name":"(anonymous_2)","decl":{"start":{"line":84,"column":34},"end":{"line":84,"column":35}},"loc":{"start":{"line":85,"column":20},"end":{"line":105,"column":27}},"line":85}},"branchMap":{"0":{"loc":{"start":{"line":88,"column":25},"end":{"line":92,"column":25}},"type":"cond-expr","locations":[{"start":{"line":89,"column":28},"end":{"line":89,"column":104}},{"start":{"line":91,"column":28},"end":{"line":91,"column":106}}],"line":88},"1":{"loc":{"start":{"line":96,"column":41},"end":{"line":96,"column":117}},"type":"cond-expr","locations":[{"start":{"line":96,"column":68},"end":{"line":96,"column":92}},{"start":{"line":96,"column":95},"end":{"line":96,"column":117}}],"line":96},"2":{"loc":{"start":{"line":102,"column":41},"end":{"line":102,"column":129}},"type":"cond-expr","locations":[{"start":{"line":102,"column":68},"end":{"line":102,"column":98}},{"start":{"line":102,"column":101},"end":{"line":102,"column":129}}],"line":102}},"s":{"0":0,"1":0,"2":0,"3":0,"4":0,"5":0},"f":{"0":0,"1":0,"2":0},"b":{"0":[0,0],"1":[0,0],"2":[0,0]}}
,"D:\\delux-mami-fe\\app\\(auth)\\home\\notification.tsx": {"path":"D:\\delux-mami-fe\\app\\(auth)\\home\\notification.tsx","statementMap":{"0":{"start":{"line":8,"column":27},"end":{"line":62,"column":1}},"1":{"start":{"line":9,"column":44},"end":{"line":15,"column":4}},"2":{"start":{"line":17,"column":24},"end":{"line":19,"column":3}},"3":{"start":{"line":18,"column":4},"end":{"line":18,"column":69}},"4":{"start":{"line":18,"column":45},"end":{"line":18,"column":65}},"5":{"start":{"line":21,"column":17},"end":{"line":21,"column":28}},"6":{"start":{"line":22,"column":2},"end":{"line":61,"column":4}},"7":{"start":{"line":26,"column":124},"end":{"line":26,"column":144}},"8":{"start":{"line":43,"column":34},"end":{"line":43,"column":52}},"9":{"start":{"line":45,"column":12},"end":{"line":56,"column":19}}},"fnMap":{"0":{"name":"(anonymous_0)","decl":{"start":{"line":8,"column":27},"end":{"line":8,"column":28}},"loc":{"start":{"line":8,"column":33},"end":{"line":62,"column":1}},"line":8},"1":{"name":"(anonymous_1)","decl":{"start":{"line":17,"column":24},"end":{"line":17,"column":25}},"loc":{"start":{"line":17,"column":30},"end":{"line":19,"column":3}},"line":17},"2":{"name":"(anonymous_2)","decl":{"start":{"line":18,"column":39},"end":{"line":18,"column":40}},"loc":{"start":{"line":18,"column":45},"end":{"line":18,"column":65}},"line":18},"3":{"name":"(anonymous_3)","decl":{"start":{"line":26,"column":118},"end":{"line":26,"column":119}},"loc":{"start":{"line":26,"column":124},"end":{"line":26,"column":144}},"line":26},"4":{"name":"(anonymous_4)","decl":{"start":{"line":43,"column":24},"end":{"line":43,"column":25}},"loc":{"start":{"line":43,"column":34},"end":{"line":43,"column":52}},"line":43},"5":{"name":"(anonymous_5)","decl":{"start":{"line":44,"column":22},"end":{"line":44,"column":23}},"loc":{"start":{"line":45,"column":12},"end":{"line":56,"column":19}},"line":45}},"branchMap":{"0":{"loc":{"start":{"line":45,"column":77},"end":{"line":45,"column":115}},"type":"cond-expr","locations":[{"start":{"line":45,"column":89},"end":{"line":45,"column":102}},{"start":{"line":45,"column":105},"end":{"line":45,"column":115}}],"line":45},"1":{"loc":{"start":{"line":48,"column":33},"end":{"line":48,"column":109}},"type":"cond-expr","locations":[{"start":{"line":48,"column":60},"end":{"line":48,"column":84}},{"start":{"line":48,"column":87},"end":{"line":48,"column":109}}],"line":48},"2":{"loc":{"start":{"line":53,"column":33},"end":{"line":53,"column":155}},"type":"cond-expr","locations":[{"start":{"line":53,"column":60},"end":{"line":53,"column":107}},{"start":{"line":53,"column":110},"end":{"line":53,"column":155}}],"line":53}},"s":{"0":0,"1":0,"2":0,"3":0,"4":0,"5":0,"6":0,"7":0,"8":0,"9":0},"f":{"0":0,"1":0,"2":0,"3":0,"4":0,"5":0},"b":{"0":[0,0],"1":[0,0],"2":[0,0]}}
,"D:\\delux-mami-fe\\app\\(tabs)\\Budget.tsx": {"path":"D:\\delux-mami-fe\\app\\(tabs)\\Budget.tsx","statementMap":{"0":{"start":{"line":4,"column":31},"end":{"line":12,"column":1}},"1":{"start":{"line":5,"column":2},"end":{"line":11,"column":4}}},"fnMap":{"0":{"name":"(anonymous_0)","decl":{"start":{"line":4,"column":31},"end":{"line":4,"column":32}},"loc":{"start":{"line":4,"column":37},"end":{"line":12,"column":1}},"line":4}},"branchMap":{},"s":{"0":0,"1":0},"f":{"0":0},"b":{}}
,"D:\\delux-mami-fe\\app\\(tabs)\\Home.tsx": {"path":"D:\\delux-mami-fe\\app\\(tabs)\\Home.tsx","statementMap":{"0":{"start":{"line":10,"column":29},"end":{"line":207,"column":1}},"1":{"start":{"line":11,"column":23},"end":{"line":42,"column":3}},"2":{"start":{"line":44,"column":17},"end":{"line":44,"column":28}},"3":{"start":{"line":45,"column":42},"end":{"line":45,"column":57}},"4":{"start":{"line":47,"column":2},"end":{"line":206,"column":4}},"5":{"start":{"line":53,"column":27},"end":{"line":53,"column":57}},"6":{"start":{"line":69,"column":27},"end":{"line":69,"column":60}},"7":{"start":{"line":129,"column":27},"end":{"line":129,"column":71}},"8":{"start":{"line":136,"column":12},"end":{"line":156,"column":19}},"9":{"start":{"line":163,"column":27},"end":{"line":163,"column":48}},"10":{"start":{"line":172,"column":34},"end":{"line":172,"column":56}},"11":{"start":{"line":179,"column":35},"end":{"line":179,"column":70}},"12":{"start":{"line":180,"column":18},"end":{"line":180,"column":41}},"13":{"start":{"line":188,"column":20},"end":{"line":188,"column":56}},"14":{"start":{"line":189,"column":20},"end":{"line":189,"column":43}},"15":{"start":{"line":196,"column":33},"end":{"line":196,"column":55}}},"fnMap":{"0":{"name":"(anonymous_0)","decl":{"start":{"line":10,"column":29},"end":{"line":10,"column":30}},"loc":{"start":{"line":10,"column":35},"end":{"line":207,"column":1}},"line":10},"1":{"name":"(anonymous_1)","decl":{"start":{"line":53,"column":21},"end":{"line":53,"column":22}},"loc":{"start":{"line":53,"column":27},"end":{"line":53,"column":57}},"line":53},"2":{"name":"(anonymous_2)","decl":{"start":{"line":69,"column":21},"end":{"line":69,"column":22}},"loc":{"start":{"line":69,"column":27},"end":{"line":69,"column":60}},"line":69},"3":{"name":"(anonymous_3)","decl":{"start":{"line":129,"column":21},"end":{"line":129,"column":22}},"loc":{"start":{"line":129,"column":27},"end":{"line":129,"column":71}},"line":129},"4":{"name":"(anonymous_4)","decl":{"start":{"line":135,"column":28},"end":{"line":135,"column":29}},"loc":{"start":{"line":136,"column":12},"end":{"line":156,"column":19}},"line":136},"5":{"name":"(anonymous_5)","decl":{"start":{"line":163,"column":21},"end":{"line":163,"column":22}},"loc":{"start":{"line":163,"column":27},"end":{"line":163,"column":48}},"line":163},"6":{"name":"(anonymous_6)","decl":{"start":{"line":172,"column":28},"end":{"line":172,"column":29}},"loc":{"start":{"line":172,"column":34},"end":{"line":172,"column":56}},"line":172},"7":{"name":"(anonymous_7)","decl":{"start":{"line":179,"column":27},"end":{"line":179,"column":28}},"loc":{"start":{"line":179,"column":33},"end":{"line":181,"column":19}},"line":179},"8":{"name":"(anonymous_8)","decl":{"start":{"line":187,"column":27},"end":{"line":187,"column":28}},"loc":{"start":{"line":187,"column":33},"end":{"line":190,"column":19}},"line":187},"9":{"name":"(anonymous_9)","decl":{"start":{"line":196,"column":27},"end":{"line":196,"column":28}},"loc":{"start":{"line":196,"column":33},"end":{"line":196,"column":55}},"line":196}},"branchMap":{"0":{"loc":{"start":{"line":139,"column":19},"end":{"line":143,"column":19}},"type":"cond-expr","locations":[{"start":{"line":140,"column":20},"end":{"line":140,"column":96}},{"start":{"line":142,"column":20},"end":{"line":142,"column":98}}],"line":139},"1":{"loc":{"start":{"line":147,"column":35},"end":{"line":147,"column":111}},"type":"cond-expr","locations":[{"start":{"line":147,"column":62},"end":{"line":147,"column":86}},{"start":{"line":147,"column":89},"end":{"line":147,"column":111}}],"line":147},"2":{"loc":{"start":{"line":153,"column":33},"end":{"line":153,"column":121}},"type":"cond-expr","locations":[{"start":{"line":153,"column":60},"end":{"line":153,"column":90}},{"start":{"line":153,"column":93},"end":{"line":153,"column":121}}],"line":153}},"s":{"0":1,"1":9,"2":9,"3":9,"4":8,"5":0,"6":0,"7":0,"8":24,"9":0,"10":0,"11":0,"12":0,"13":0,"14":0,"15":0},"f":{"0":9,"1":0,"2":0,"3":0,"4":24,"5":0,"6":0,"7":0,"8":0,"9":0},"b":{"0":[8,16],"1":[8,16],"2":[8,16]},"_coverageSchema":"1a1c01bbd47fc00a2c39e90264f33305004495a9","hash":"384bbe9e2a6f0fda6f2dc74ef89a8246693b05ea"}
,"D:\\delux-mami-fe\\app\\(tabs)\\Profile.tsx": {"path":"D:\\delux-mami-fe\\app\\(tabs)\\Profile.tsx","statementMap":{"0":{"start":{"line":6,"column":32},"end":{"line":78,"column":1}},"1":{"start":{"line":8,"column":17},"end":{"line":8,"column":28}},"2":{"start":{"line":10,"column":2},"end":{"line":77,"column":4}},"3":{"start":{"line":40,"column":27},"end":{"line":40,"column":57}},"4":{"start":{"line":49,"column":27},"end":{"line":49,"column":58}},"5":{"start":{"line":58,"column":27},"end":{"line":58,"column":61}},"6":{"start":{"line":67,"column":25},"end":{"line":67,"column":55}}},"fnMap":{"0":{"name":"(anonymous_0)","decl":{"start":{"line":6,"column":32},"end":{"line":6,"column":33}},"loc":{"start":{"line":6,"column":38},"end":{"line":78,"column":1}},"line":6},"1":{"name":"(anonymous_1)","decl":{"start":{"line":40,"column":21},"end":{"line":40,"column":22}},"loc":{"start":{"line":40,"column":27},"end":{"line":40,"column":57}},"line":40},"2":{"name":"(anonymous_2)","decl":{"start":{"line":49,"column":21},"end":{"line":49,"column":22}},"loc":{"start":{"line":49,"column":27},"end":{"line":49,"column":58}},"line":49},"3":{"name":"(anonymous_3)","decl":{"start":{"line":58,"column":21},"end":{"line":58,"column":22}},"loc":{"start":{"line":58,"column":27},"end":{"line":58,"column":61}},"line":58},"4":{"name":"(anonymous_4)","decl":{"start":{"line":67,"column":19},"end":{"line":67,"column":20}},"loc":{"start":{"line":67,"column":25},"end":{"line":67,"column":55}},"line":67}},"branchMap":{},"s":{"0":0,"1":0,"2":0,"3":0,"4":0,"5":0,"6":0},"f":{"0":0,"1":0,"2":0,"3":0,"4":0},"b":{}}
,"D:\\delux-mami-fe\\app\\(tabs)\\Transaction.tsx": {"path":"D:\\delux-mami-fe\\app\\(tabs)\\Transaction.tsx","statementMap":{"0":{"start":{"line":5,"column":21},"end":{"line":56,"column":1}},"1":{"start":{"line":58,"column":36},"end":{"line":122,"column":1}},"2":{"start":{"line":59,"column":2},"end":{"line":121,"column":4}},"3":{"start":{"line":83,"column":12},"end":{"line":97,"column":19}},"4":{"start":{"line":102,"column":12},"end":{"line":116,"column":19}}},"fnMap":{"0":{"name":"(anonymous_0)","decl":{"start":{"line":58,"column":36},"end":{"line":58,"column":37}},"loc":{"start":{"line":58,"column":42},"end":{"line":122,"column":1}},"line":58},"1":{"name":"(anonymous_1)","decl":{"start":{"line":82,"column":40},"end":{"line":82,"column":41}},"loc":{"start":{"line":83,"column":12},"end":{"line":97,"column":19}},"line":83},"2":{"name":"(anonymous_2)","decl":{"start":{"line":101,"column":37},"end":{"line":101,"column":38}},"loc":{"start":{"line":102,"column":12},"end":{"line":116,"column":19}},"line":102}},"branchMap":{"0":{"loc":{"start":{"line":92,"column":50},"end":{"line":92,"column":113}},"type":"cond-expr","locations":[{"start":{"line":92,"column":80},"end":{"line":92,"column":96}},{"start":{"line":92,"column":99},"end":{"line":92,"column":113}}],"line":92},"1":{"loc":{"start":{"line":111,"column":50},"end":{"line":111,"column":113}},"type":"cond-expr","locations":[{"start":{"line":111,"column":80},"end":{"line":111,"column":96}},{"start":{"line":111,"column":99},"end":{"line":111,"column":113}}],"line":111}},"s":{"0":0,"1":0,"2":0,"3":0,"4":0},"f":{"0":0,"1":0,"2":0},"b":{"0":[0,0],"1":[0,0]}}
,"D:\\delux-mami-fe\\app\\(tabs)\\_layout.tsx": {"path":"D:\\delux-mami-fe\\app\\(tabs)\\_layout.tsx","statementMap":{"0":{"start":{"line":6,"column":2},"end":{"line":15,"column":4}}},"fnMap":{"0":{"name":"TabsLayout","decl":{"start":{"line":4,"column":24},"end":{"line":4,"column":34}},"loc":{"start":{"line":4,"column":37},"end":{"line":16,"column":1}},"line":4}},"branchMap":{},"s":{"0":0},"f":{"0":0},"b":{}}
}
