TN:
SF:firebase.config.ts
FNF:0
FNH:0
DA:3,0
DA:12,0
DA:13,0
LF:3
LH:0
BRF:0
BRH:0
end_of_record
TN:
SF:jest.config.tsx
FNF:0
FNH:0
LF:0
LH:0
BRF:0
BRH:0
end_of_record
TN:
SF:metro.config.js
FNF:0
FNH:0
DA:1,0
DA:2,0
DA:4,0
DA:6,0
LF:4
LH:0
BRF:0
BRH:0
end_of_record
TN:
SF:nativewind-env.d.ts
FNF:0
FNH:0
LF:0
LH:0
BRF:0
BRH:0
end_of_record
TN:
SF:tailwind.config.js
FNF:0
FNH:0
DA:2,0
LF:1
LH:0
BRF:0
BRH:0
end_of_record
TN:
SF:types.ts
FNF:0
FNH:0
LF:0
LH:0
BRF:0
BRH:0
end_of_record
TN:
SF:app\_layout.tsx
FN:3,RootLayout
FNF:1
FNH:0
FNDA:0,RootLayout
DA:4,0
LF:1
LH:0
BRF:0
BRH:0
end_of_record
TN:
SF:app\index.tsx
FN:5,(anonymous_0)
FNF:1
FNH:0
FNDA:0,(anonymous_0)
DA:5,0
DA:6,0
LF:2
LH:0
BRF:0
BRH:0
end_of_record
TN:
SF:app\(auth)\_layout.tsx
FN:4,AuthLayout
FNF:1
FNH:0
FNDA:0,AuthLayout
DA:5,0
LF:1
LH:0
BRF:0
BRH:0
end_of_record
TN:
SF:app\(auth)\account.tsx
FN:13,(anonymous_0)
FN:22,(anonymous_1)
FN:36,(anonymous_2)
FNF:3
FNH:0
FNDA:0,(anonymous_0)
FNDA:0,(anonymous_1)
FNDA:0,(anonymous_2)
DA:6,0
DA:13,0
DA:15,0
DA:17,0
DA:22,0
DA:37,0
LF:6
LH:0
BRF:0
BRH:0
end_of_record
TN:
SF:app\(auth)\export-data.tsx
FN:7,(anonymous_0)
FN:15,(anonymous_1)
FNF:2
FNH:0
FNDA:0,(anonymous_0)
FNDA:0,(anonymous_1)
DA:7,0
DA:9,0
DA:11,0
DA:15,0
LF:4
LH:0
BRF:0
BRH:0
end_of_record
TN:
SF:app\(auth)\intro.tsx
FN:6,(anonymous_0)
FN:27,(anonymous_1)
FNF:2
FNH:0
FNDA:0,(anonymous_0)
FNDA:0,(anonymous_1)
DA:6,0
DA:8,0
DA:10,0
DA:27,0
LF:4
LH:0
BRF:0
BRH:0
end_of_record
TN:
SF:app\(auth)\settings.tsx
FN:6,(anonymous_0)
FN:14,(anonymous_1)
FNF:2
FNH:0
FNDA:0,(anonymous_0)
FNDA:0,(anonymous_1)
DA:6,0
DA:8,0
DA:10,0
DA:14,0
LF:4
LH:0
BRF:0
BRH:0
end_of_record
TN:
SF:app\(auth)\sign-in.tsx
FN:5,(anonymous_0)
FN:31,(anonymous_1)
FN:37,(anonymous_2)
FNF:3
FNH:0
FNDA:0,(anonymous_0)
FNDA:0,(anonymous_1)
FNDA:0,(anonymous_2)
DA:5,0
DA:6,0
DA:7,0
DA:8,0
DA:10,0
DA:31,0
DA:37,0
LF:7
LH:0
BRF:0
BRH:0
end_of_record
TN:
SF:app\(auth)\sign-up.tsx
FN:5,(anonymous_0)
FN:40,(anonymous_1)
FN:46,(anonymous_2)
FNF:3
FNH:0
FNDA:0,(anonymous_0)
FNDA:0,(anonymous_1)
FNDA:0,(anonymous_2)
DA:5,0
DA:6,0
DA:7,0
DA:8,0
DA:9,0
DA:12,0
DA:40,0
DA:46,0
LF:8
LH:0
BRF:0
BRH:0
end_of_record
TN:
SF:app\(auth)\home\_layout.tsx
FN:4,HomeLayout
FNF:1
FNH:0
FNDA:0,HomeLayout
DA:5,0
LF:1
LH:0
BRF:0
BRH:0
end_of_record
TN:
SF:app\(auth)\home\expenses.tsx
FN:7,(anonymous_0)
FN:16,(anonymous_1)
FNF:2
FNH:0
FNDA:0,(anonymous_0)
FNDA:0,(anonymous_1)
DA:7,0
DA:8,0
DA:9,0
DA:10,0
DA:12,0
DA:16,0
LF:6
LH:0
BRF:0
BRH:0
end_of_record
TN:
SF:app\(auth)\home\income.tsx
FN:8,(anonymous_0)
FN:17,(anonymous_1)
FNF:2
FNH:0
FNDA:0,(anonymous_0)
FNDA:0,(anonymous_1)
DA:8,0
DA:9,0
DA:10,0
DA:11,0
DA:13,0
DA:17,0
LF:6
LH:0
BRF:0
BRH:0
end_of_record
TN:
SF:app\(auth)\home\list-transaction.tsx
FN:8,(anonymous_0)
FN:78,(anonymous_1)
FN:84,(anonymous_2)
FNF:3
FNH:0
FNDA:0,(anonymous_0)
FNDA:0,(anonymous_1)
FNDA:0,(anonymous_2)
DA:8,0
DA:9,0
DA:10,0
DA:74,0
DA:78,0
DA:85,0
LF:6
LH:0
BRDA:88,0,0,0
BRDA:88,0,1,0
BRDA:96,1,0,0
BRDA:96,1,1,0
BRDA:102,2,0,0
BRDA:102,2,1,0
BRF:6
BRH:0
end_of_record
TN:
SF:app\(auth)\home\notification.tsx
FN:8,(anonymous_0)
FN:17,(anonymous_1)
FN:18,(anonymous_2)
FN:26,(anonymous_3)
FN:43,(anonymous_4)
FN:44,(anonymous_5)
FNF:6
FNH:0
FNDA:0,(anonymous_0)
FNDA:0,(anonymous_1)
FNDA:0,(anonymous_2)
FNDA:0,(anonymous_3)
FNDA:0,(anonymous_4)
FNDA:0,(anonymous_5)
DA:8,0
DA:9,0
DA:17,0
DA:18,0
DA:21,0
DA:22,0
DA:26,0
DA:43,0
DA:45,0
LF:9
LH:0
BRDA:45,0,0,0
BRDA:45,0,1,0
BRDA:48,1,0,0
BRDA:48,1,1,0
BRDA:53,2,0,0
BRDA:53,2,1,0
BRF:6
BRH:0
end_of_record
TN:
SF:app\(tabs)\Budget.tsx
FN:4,(anonymous_0)
FNF:1
FNH:0
FNDA:0,(anonymous_0)
DA:4,0
DA:5,0
LF:2
LH:0
BRF:0
BRH:0
end_of_record
TN:
SF:app\(tabs)\Home.tsx
FN:10,(anonymous_0)
FN:53,(anonymous_1)
FN:69,(anonymous_2)
FN:129,(anonymous_3)
FN:135,(anonymous_4)
FN:163,(anonymous_5)
FN:172,(anonymous_6)
FN:179,(anonymous_7)
FN:187,(anonymous_8)
FN:196,(anonymous_9)
FNF:10
FNH:2
FNDA:9,(anonymous_0)
FNDA:0,(anonymous_1)
FNDA:0,(anonymous_2)
FNDA:0,(anonymous_3)
FNDA:24,(anonymous_4)
FNDA:0,(anonymous_5)
FNDA:0,(anonymous_6)
FNDA:0,(anonymous_7)
FNDA:0,(anonymous_8)
FNDA:0,(anonymous_9)
DA:10,1
DA:11,9
DA:44,9
DA:45,9
DA:47,8
DA:53,0
DA:69,0
DA:129,0
DA:136,24
DA:163,0
DA:172,0
DA:179,0
DA:180,0
DA:188,0
DA:189,0
DA:196,0
LF:16
LH:6
BRDA:139,0,0,8
BRDA:139,0,1,16
BRDA:147,1,0,8
BRDA:147,1,1,16
BRDA:153,2,0,8
BRDA:153,2,1,16
BRF:6
BRH:6
end_of_record
TN:
SF:app\(tabs)\Profile.tsx
FN:6,(anonymous_0)
FN:40,(anonymous_1)
FN:49,(anonymous_2)
FN:58,(anonymous_3)
FN:67,(anonymous_4)
FNF:5
FNH:0
FNDA:0,(anonymous_0)
FNDA:0,(anonymous_1)
FNDA:0,(anonymous_2)
FNDA:0,(anonymous_3)
FNDA:0,(anonymous_4)
DA:6,0
DA:8,0
DA:10,0
DA:40,0
DA:49,0
DA:58,0
DA:67,0
LF:7
LH:0
BRF:0
BRH:0
end_of_record
TN:
SF:app\(tabs)\Transaction.tsx
FN:58,(anonymous_0)
FN:82,(anonymous_1)
FN:101,(anonymous_2)
FNF:3
FNH:0
FNDA:0,(anonymous_0)
FNDA:0,(anonymous_1)
FNDA:0,(anonymous_2)
DA:5,0
DA:58,0
DA:59,0
DA:83,0
DA:102,0
LF:5
LH:0
BRDA:92,0,0,0
BRDA:92,0,1,0
BRDA:111,1,0,0
BRDA:111,1,1,0
BRF:4
BRH:0
end_of_record
TN:
SF:app\(tabs)\_layout.tsx
FN:4,TabsLayout
FNF:1
FNH:0
FNDA:0,TabsLayout
DA:6,0
LF:1
LH:0
BRF:0
BRH:0
end_of_record
